
Bookモデルのテスト
  バリデーションのテスト
    titleカラム
[32m      空欄でないこと[0m
    bodyカラム
[32m      空欄でないこと[0m
[32m      200文字以下であること: 200文字は〇[0m
[32m      200文字以下であること: 201文字は×[0m
  アソシエーションのテスト
    Userモデルとの関係
[32m      N:1となっている[0m

Userモデルのテスト
  バリデーションのテスト
    nameカラム
[32m      空欄でないこと[0m
[32m      2文字以上であること: 1文字は×[0m
[32m      2文字以上であること: 2文字は〇[0m
[32m      20文字以下であること: 20文字は〇[0m
[32m      20文字以下であること: 21文字は×[0m
[32m      一意性があること[0m
    introductionカラム
[32m      50文字以下であること: 50文字は〇[0m
[32m      50文字以下であること: 51文字は×[0m
  アソシエーションのテスト
    Bookモデルとの関係
[32m      1:Nとなっている[0m

Bookモデルのテスト
  バリデーションのテスト
    titleカラム
[32m      空欄でないこと[0m
    bodyカラム
[32m      空欄でないこと[0m
[32m      200文字以下であること: 200文字は〇[0m
[32m      200文字以下であること: 201文字は×[0m
  アソシエーションのテスト
    Userモデルとの関係
[32m      N:1となっている[0m

Userモデルのテスト
  バリデーションのテスト
    nameカラム
[32m      空欄でないこと[0m
[32m      2文字以上であること: 1文字は×[0m
[32m      2文字以上であること: 2文字は〇[0m
[32m      20文字以下であること: 20文字は〇[0m
[32m      20文字以下であること: 21文字は×[0m
[32m      一意性があること[0m
    introductionカラム
[32m      50文字以下であること: 50文字は〇[0m
[32m      50文字以下であること: 51文字は×[0m
  アソシエーションのテスト
    Bookモデルとの関係
[32m      1:Nとなっている[0m

[STEP1] ユーザログイン前のテスト
  トップ画面のテスト
    表示内容の確認
[32m      URLが正しい[0m
[32m      Log inリンクが表示される: 青色のボタンの表示が「Log in」である[0m
[32m      Log inリンクの内容が正しい[0m
[32m      Sign upリンクが表示される: 緑色のボタンの表示が「Sign up」である[0m
[32m      Sign upリンクの内容が正しい[0m
  アバウト画面のテスト
    表示内容の確認
[32m      URLが正しい[0m
  ヘッダーのテスト: ログインしていない場合
    表示内容の確認
[32m      Bookersリンクが表示される: 左上から1番目のリンクが「Bookers」である[0m
[32m      Homeリンクが表示される: 左上から2番目のリンクが「Home」である[0m
[32m      Aboutリンクが表示される: 左上から3番目のリンクが「About」である[0m
[31m      Sign upリンクが表示される: 左上から4番目のリンクが「Sign up」である (FAILED - 1)[0m
[32m      Log inリンクが表示される: 左上から5番目のリンクが「Log in」である[0m
    リンクの内容を確認
[31m      Bookersを押すと、トップ画面に遷移する (FAILED - 2)[0m
[32m      Homeを押すと、トップ画面に遷移する[0m
[32m      Aboutを押すと、アバウト画面に遷移する[0m
[32m      Sign upを押すと、新規登録画面に遷移する[0m
[32m      Log inを押すと、ログイン画面に遷移する[0m
  ユーザ新規登録のテスト
    表示内容の確認
[32m      URLが正しい[0m
[32m      「Sign up」と表示される[0m
[32m      nameフォームが表示される[0m
[32m      emailフォームが表示される[0m
[32m      passwordフォームが表示される[0m
[32m      password_confirmationフォームが表示される[0m
[32m      Sign upボタンが表示される[0m
    新規登録成功のテスト
[31m      正しく新規登録される (FAILED - 3)[0m
[31m      新規登録後のリダイレクト先が、新規登録できたユーザの詳細画面になっている (FAILED - 4)[0m
  ユーザログイン
    表示内容の確認
[32m      URLが正しい[0m
[32m      「Log in」と表示される[0m
[32m      nameフォームが表示される[0m
[32m      passwordフォームが表示される[0m
[32m      Log inボタンが表示される[0m
[32m      emailフォームは表示されない[0m
    ログイン成功のテスト
[32m      ログイン後のリダイレクト先が、ログインしたユーザの詳細画面になっている[0m
    ログイン失敗のテスト
[32m      ログインに失敗し、ログイン画面にリダイレクトされる[0m
  ヘッダーのテスト: ログインしている場合
    ヘッダーの表示を確認
[32m      Bookersリンクが表示される: 左上から1番目のリンクが「Bookers」である[0m
[32m      Homeリンクが表示される: 左上から2番目のリンクが「Home」である[0m
[32m      Usersリンクが表示される: 左上から3番目のリンクが「Users」である[0m
[32m      Booksリンクが表示される: 左上から4番目のリンクが「Books」である[0m
[31m      Log outリンクが表示される: 左上から5番目のリンクが「Log out」である (FAILED - 5)[0m
  ユーザログアウトのテスト
    ログアウト機能のテスト
[32m      正しくログアウトできている: ログアウト後のリダイレクト先においてAbout画面へのリンクが存在する[0m
[32m      ログアウト後のリダイレクト先が、トップになっている[0m

[STEP2] ユーザログイン後のテスト
  ヘッダーのテスト: ログインしている場合
    リンクの内容を確認: ※logoutは『ユーザログアウトのテスト』でテスト済みになります。
[32m      Homeを押すと、自分のユーザ詳細画面に遷移する[0m
[32m      Usersを押すと、ユーザ一覧画面に遷移する[0m
[32m      Booksを押すと、投稿一覧画面に遷移する[0m
  投稿一覧画面のテスト
    表示内容の確認
[32m      URLが正しい[0m
[31m      自分と他人の画像のリンク先が正しい (FAILED - 6)[0m
[32m      自分の投稿と他人の投稿のタイトルのリンク先がそれぞれ正しい[0m
[32m      自分の投稿と他人の投稿のオピニオンが表示される[0m
    サイドバーの確認
[32m      自分の名前と紹介文が表示される[0m
[32m      自分のユーザ編集画面へのリンクが存在する[0m
[31m      「New book」と表示される (FAILED - 7)[0m
[32m      titleフォームが表示される[0m
[32m      titleフォームに値が入っていない[0m
[32m      bodyフォームが表示される[0m
[32m      bodyフォームに値が入っていない[0m
[32m      Create Bookボタンが表示される[0m
    投稿成功のテスト
[32m      自分の新しい投稿が正しく保存される[0m
[32m      リダイレクト先が、保存できた投稿の詳細画面になっている[0m
  自分の投稿詳細画面のテスト
    表示内容の確認
[32m      URLが正しい[0m
[32m      「Book detail」と表示される[0m
[32m      ユーザ画像・名前のリンク先が正しい[0m
[32m      投稿のtitleが表示される[0m
[32m      投稿のbodyが表示される[0m
[32m      投稿の編集リンクが表示される[0m
[32m      投稿の削除リンクが表示される[0m
    サイドバーの確認
[32m      自分の名前と紹介文が表示される[0m
[32m      自分のユーザ編集画面へのリンクが存在する[0m
[31m      「New book」と表示される (FAILED - 8)[0m
[32m      titleフォームが表示される[0m
[32m      titleフォームに値が入っていない[0m
[32m      bodyフォームが表示される[0m
[32m      bodyフォームに値が入っていない[0m
[32m      Create Bookボタンが表示される[0m
    投稿成功のテスト
[32m      自分の新しい投稿が正しく保存される[0m
    編集リンクのテスト
[32m      編集画面に遷移する[0m
    削除リンクのテスト
[32m      application.html.erbにjavascript_pack_tagを含んでいる[0m
[32m      正しく削除される[0m
[32m      リダイレクト先が、投稿一覧画面になっている[0m
  自分の投稿編集画面のテスト
    表示の確認
[32m      URLが正しい[0m
[32m      「Editing Book」と表示される[0m
[32m      title編集フォームが表示される[0m
[32m      body編集フォームが表示される[0m
[32m      Update Bookボタンが表示される[0m
[32m      Showリンクが表示される[0m
[32m      Backリンクが表示される[0m
    編集成功のテスト
[32m      titleが正しく更新される[0m
[32m      bodyが正しく更新される[0m
[32m      リダイレクト先が、更新した投稿の詳細画面になっている[0m
  ユーザ一覧画面のテスト
    表示内容の確認
[32m      URLが正しい[0m
[32m      自分と他人の画像が表示される: fallbackの画像がサイドバーの1つ＋一覧(2人)の2つの計3つ存在する[0m
[32m      自分と他人の名前がそれぞれ表示される[0m
[32m      自分と他人のshowリンクがそれぞれ表示される[0m
    サイドバーの確認
[32m      自分の名前と紹介文が表示される[0m
[32m      自分のユーザ編集画面へのリンクが存在する[0m
[31m      「New book」と表示される (FAILED - 9)[0m
[32m      titleフォームが表示される[0m
[32m      titleフォームに値が入っていない[0m
[32m      bodyフォームが表示される[0m
[32m      bodyフォームに値が入っていない[0m
[32m      Create Bookボタンが表示される[0m
  自分のユーザ詳細画面のテスト
    表示の確認
[32m      URLが正しい[0m
[32m      投稿一覧のユーザ画像のリンク先が正しい[0m
[32m      投稿一覧に自分の投稿のtitleが表示され、リンクが正しい[0m
[32m      投稿一覧に自分の投稿のbodyが表示される[0m
[32m      他人の投稿は表示されない[0m
    サイドバーの確認
[32m      自分の名前と紹介文が表示される[0m
[32m      自分のユーザ編集画面へのリンクが存在する[0m
[31m      「New book」と表示される (FAILED - 10)[0m
[32m      titleフォームが表示される[0m
[32m      titleフォームに値が入っていない[0m
[32m      bodyフォームが表示される[0m
[32m      bodyフォームに値が入っていない[0m
[32m      Create Bookボタンが表示される[0m
  自分のユーザ情報編集画面のテスト
    表示の確認
[32m      URLが正しい[0m
[32m      名前編集フォームに自分の名前が表示される[0m
[32m      画像編集フォームが表示される[0m
[32m      自己紹介編集フォームに自分の自己紹介文が表示される[0m
[32m      Update Userボタンが表示される[0m
    更新成功のテスト
[32m      nameが正しく更新される[0m
[32m      introductionが正しく更新される[0m
[32m      リダイレクト先が、自分のユーザ詳細画面になっている[0m

[STEP3] 仕上げのテスト
  サクセスメッセージのテスト
[31m    ユーザ新規登録成功時 (FAILED - 11)[0m
[32m    ユーザログイン成功時[0m
[32m    ユーザログアウト成功時[0m
[32m    ユーザのプロフィール情報更新成功時[0m
[32m    投稿データの新規投稿成功時: 投稿一覧画面から行います。[0m
[32m    投稿データの更新成功時[0m
  処理失敗時のテスト
    ユーザ新規登録失敗: nameを1文字にする
[32m      新規登録されない[0m
[32m      新規登録画面を表示しており、フォームの内容が正しい[0m
[32m      バリデーションエラーが表示される[0m
    ユーザのプロフィール情報編集失敗: nameを1文字にする
[32m      更新されない[0m
[32m      ユーザ編集画面を表示しており、フォームの内容が正しい[0m
[32m      バリデーションエラーが表示される[0m
    投稿データの新規投稿失敗: 投稿一覧画面から行い、titleを空にする
[32m      投稿が保存されない[0m
[32m      投稿一覧画面を表示している[0m
[32m      新規投稿フォームの内容が正しい[0m
[32m      バリデーションエラーが表示される[0m
    投稿データの更新失敗: titleを空にする
[32m      投稿が更新されない[0m
[32m      投稿編集画面を表示しており、フォームの内容が正しい[0m
[32m      エラーメッセージが表示される[0m
  ログインしていない場合のアクセス制限のテスト: アクセスできず、ログイン画面に遷移する
[32m    ユーザ一覧画面[0m
[32m    ユーザ詳細画面[0m
[32m    ユーザ情報編集画面[0m
[32m    投稿一覧画面[0m
[32m    投稿詳細画面[0m
[32m    投稿編集画面[0m
  他人の画面のテスト
    他人の投稿詳細画面のテスト
      表示内容の確認
[32m        URLが正しい[0m
[32m        「Book detail」と表示される[0m
[31m        ユーザ画像・名前のリンク先が正しい (FAILED - 12)[0m
[32m        投稿のtitleが表示される[0m
[32m        投稿のopinionが表示される[0m
[32m        投稿の編集リンクが表示されない[0m
[32m        投稿の削除リンクが表示されない[0m
      サイドバーの確認
[32m        他人の名前と紹介文が表示される[0m
[32m        他人のユーザ編集画面へのリンクが存在する[0m
[32m        自分の名前と紹介文は表示されない[0m
[32m        自分のユーザ編集画面へのリンクは存在しない[0m
    他人の投稿編集画面
[31m      遷移できず、投稿一覧画面にリダイレクトされる (FAILED - 13)[0m
    他人のユーザ詳細画面のテスト
      表示の確認
[32m        URLが正しい[0m
[31m        投稿一覧のユーザ画像のリンク先が正しい (FAILED - 14)[0m
[32m        投稿一覧に他人の投稿のtitleが表示され、リンクが正しい[0m
[32m        投稿一覧に他人の投稿のopinionが表示される[0m
[32m        自分の投稿は表示されない[0m
      サイドバーの確認
[32m        他人の名前と紹介文が表示される[0m
[32m        他人のユーザ編集画面へのリンクが存在する[0m
[32m        自分の名前と紹介文は表示されない[0m
[32m        自分のユーザ編集画面へのリンクは存在しない[0m
    他人のユーザ情報編集画面
[31m      遷移できず、自分のユーザ詳細画面にリダイレクトされる (FAILED - 15)[0m
  グリッドシステムのテスト: container, row, col-md-〇を正しく使えている
[31m    ユーザ一覧画面 (FAILED - 16)[0m
[31m    ユーザ詳細画面 (FAILED - 17)[0m
[31m    投稿一覧画面 (FAILED - 18)[0m
[31m    投稿詳細画面 (FAILED - 19)[0m
  アイコンのテスト
    トップ画面
[31m      本のアイコンが表示される (FAILED - 20)[0m
    アバウト画面
[31m      本のアイコンが表示される (FAILED - 21)[0m
    ヘッダー: ログインしていない場合
[31m      Homeリンクのアイコンが表示される (FAILED - 22)[0m
[31m      Aboutリンクのアイコンが表示される (FAILED - 23)[0m
[31m      Sign upリンクのアイコンが表示される (FAILED - 24)[0m
[31m      Log inリンクのアイコンが表示される (FAILED - 25)[0m
    ヘッダー: ログインしている場合
[31m      Homeリンクのアイコンが表示される (FAILED - 26)[0m
[31m      Usersリンクのアイコンが表示される (FAILED - 27)[0m
[31m      Booksリンクのアイコンが表示される (FAILED - 28)[0m
[31m      Log outリンクのアイコンが表示される (FAILED - 29)[0m
    サイドバー
[31m      ユーザ一覧画面でレンチアイコンが表示される (FAILED - 30)[0m
[31m      ユーザ詳細画面でレンチアイコンが表示される (FAILED - 31)[0m
[31m      投稿一覧画面でレンチアイコンが表示される (FAILED - 32)[0m
[31m      投稿詳細画面でレンチアイコンが表示される (FAILED - 33)[0m

投稿のテスト
  トップ画面(root_path)のテスト
    表示の確認
[31m      トップ画面(root_path)に一覧ページへのリンクが表示されているか (FAILED - 34)[0m
[32m      root_pathが"/"であるか[0m
  一覧画面のテスト
    一覧の表示とリンクの確認
[31m      bookの一覧表示(tableタグ)と投稿フォームが同一画面に表示されているか (FAILED - 35)[0m
[31m      bookのタイトルと感想を表示し、詳細・編集・削除のリンクが表示されているか (FAILED - 36)[0m
[31m      Create Bookボタンが表示される (FAILED - 37)[0m
    投稿処理に関するテスト
[31m      投稿に成功しサクセスメッセージが表示されるか (FAILED - 38)[0m
[31m      投稿に失敗する (FAILED - 39)[0m
[31m      投稿後のリダイレクト先は正しいか (FAILED - 40)[0m
    book削除のテスト
[32m      application.html.erbにjavascript_pack_tagを含んでいるか[0m
[31m      bookの削除 (FAILED - 41)[0m
  詳細画面のテスト
    表示の確認
[31m      本のタイトルと感想が画面に表示されていること (FAILED - 42)[0m
[31m      Editリンクが表示される (FAILED - 43)[0m
[31m      Backリンクが表示される (FAILED - 44)[0m
    リンクの遷移先の確認
[31m      Editの遷移先は編集画面か (FAILED - 45)[0m
[31m      Backの遷移先は一覧画面か (FAILED - 46)[0m
  編集画面のテスト
    表示の確認
[31m      編集前のタイトルと感想がフォームに表示(セット)されている (FAILED - 47)[0m
[31m      Update Bookボタンが表示される (FAILED - 48)[0m
[31m      Showリンクが表示される (FAILED - 49)[0m
[31m      Backリンクが表示される (FAILED - 50)[0m
    リンクの遷移先の確認
[31m      Showの遷移先は詳細画面か (FAILED - 51)[0m
[31m      Backの遷移先は一覧画面か (FAILED - 52)[0m
    更新処理に関するテスト
[31m      更新に成功しサクセスメッセージが表示されるか (FAILED - 53)[0m
[31m      更新に失敗しエラーメッセージが表示されるか (FAILED - 54)[0m
[31m      更新後のリダイレクト先は正しいか (FAILED - 55)[0m

[STEP1] ユーザログイン前のテスト
  トップ画面のテスト
    表示内容の確認
[32m      URLが正しい[0m
[32m      Log inリンクが表示される: 青色のボタンの表示が「Log in」である[0m
[32m      Log inリンクの内容が正しい[0m
[32m      Sign upリンクが表示される: 緑色のボタンの表示が「Sign up」である[0m
[32m      Sign upリンクの内容が正しい[0m
  アバウト画面のテスト
    表示内容の確認
[32m      URLが正しい[0m
  ヘッダーのテスト: ログインしていない場合
    表示内容の確認
[32m      Bookersリンクが表示される: 左上から1番目のリンクが「Bookers」である[0m
[32m      Homeリンクが表示される: 左上から2番目のリンクが「Home」である[0m
[32m      Aboutリンクが表示される: 左上から3番目のリンクが「About」である[0m
[31m      Sign upリンクが表示される: 左上から4番目のリンクが「Sign up」である (FAILED - 56)[0m
[32m      Log inリンクが表示される: 左上から5番目のリンクが「Log in」である[0m
    リンクの内容を確認
[31m      Bookersを押すと、トップ画面に遷移する (FAILED - 57)[0m
[32m      Homeを押すと、トップ画面に遷移する[0m
[32m      Aboutを押すと、アバウト画面に遷移する[0m
[32m      Sign upを押すと、新規登録画面に遷移する[0m
[32m      Log inを押すと、ログイン画面に遷移する[0m
  ユーザ新規登録のテスト
    表示内容の確認
[32m      URLが正しい[0m
[32m      「Sign up」と表示される[0m
[32m      nameフォームが表示される[0m
[32m      emailフォームが表示される[0m
[32m      passwordフォームが表示される[0m
[32m      password_confirmationフォームが表示される[0m
[32m      Sign upボタンが表示される[0m
    新規登録成功のテスト
[31m      正しく新規登録される (FAILED - 58)[0m
[31m      新規登録後のリダイレクト先が、新規登録できたユーザの詳細画面になっている (FAILED - 59)[0m
  ユーザログイン
    表示内容の確認
[32m      URLが正しい[0m
[32m      「Log in」と表示される[0m
[32m      nameフォームが表示される[0m
[32m      passwordフォームが表示される[0m
[32m      Log inボタンが表示される[0m
[32m      emailフォームは表示されない[0m
    ログイン成功のテスト
[32m      ログイン後のリダイレクト先が、ログインしたユーザの詳細画面になっている[0m
    ログイン失敗のテスト
[32m      ログインに失敗し、ログイン画面にリダイレクトされる[0m
  ヘッダーのテスト: ログインしている場合
    ヘッダーの表示を確認
[32m      Bookersリンクが表示される: 左上から1番目のリンクが「Bookers」である[0m
[32m      Homeリンクが表示される: 左上から2番目のリンクが「Home」である[0m
[32m      Usersリンクが表示される: 左上から3番目のリンクが「Users」である[0m
[32m      Booksリンクが表示される: 左上から4番目のリンクが「Books」である[0m
[31m      Log outリンクが表示される: 左上から5番目のリンクが「Log out」である (FAILED - 60)[0m
  ユーザログアウトのテスト
    ログアウト機能のテスト
[32m      正しくログアウトできている: ログアウト後のリダイレクト先においてAbout画面へのリンクが存在する[0m
[32m      ログアウト後のリダイレクト先が、トップになっている[0m

[STEP2] ユーザログイン後のテスト
  ヘッダーのテスト: ログインしている場合
    リンクの内容を確認: ※logoutは『ユーザログアウトのテスト』でテスト済みになります。
[32m      Homeを押すと、自分のユーザ詳細画面に遷移する[0m
[32m      Usersを押すと、ユーザ一覧画面に遷移する[0m
[32m      Booksを押すと、投稿一覧画面に遷移する[0m
  投稿一覧画面のテスト
    表示内容の確認
[32m      URLが正しい[0m
[31m      自分と他人の画像のリンク先が正しい (FAILED - 61)[0m
[32m      自分の投稿と他人の投稿のタイトルのリンク先がそれぞれ正しい[0m
[32m      自分の投稿と他人の投稿のオピニオンが表示される[0m
    サイドバーの確認
[32m      自分の名前と紹介文が表示される[0m
[32m      自分のユーザ編集画面へのリンクが存在する[0m
[31m      「New book」と表示される (FAILED - 62)[0m
[32m      titleフォームが表示される[0m
[32m      titleフォームに値が入っていない[0m
[32m      bodyフォームが表示される[0m
[32m      bodyフォームに値が入っていない[0m
[32m      Create Bookボタンが表示される[0m
    投稿成功のテスト
[32m      自分の新しい投稿が正しく保存される[0m
[32m      リダイレクト先が、保存できた投稿の詳細画面になっている[0m
  自分の投稿詳細画面のテスト
    表示内容の確認
[32m      URLが正しい[0m
[32m      「Book detail」と表示される[0m
[32m      ユーザ画像・名前のリンク先が正しい[0m
[32m      投稿のtitleが表示される[0m
[32m      投稿のbodyが表示される[0m
[32m      投稿の編集リンクが表示される[0m
[32m      投稿の削除リンクが表示される[0m
    サイドバーの確認
[32m      自分の名前と紹介文が表示される[0m
[32m      自分のユーザ編集画面へのリンクが存在する[0m
[31m      「New book」と表示される (FAILED - 63)[0m
[32m      titleフォームが表示される[0m
[32m      titleフォームに値が入っていない[0m
[32m      bodyフォームが表示される[0m
[32m      bodyフォームに値が入っていない[0m
[32m      Create Bookボタンが表示される[0m
    投稿成功のテスト
[32m      自分の新しい投稿が正しく保存される[0m
    編集リンクのテスト
[32m      編集画面に遷移する[0m
    削除リンクのテスト
[32m      application.html.erbにjavascript_pack_tagを含んでいる[0m
[32m      正しく削除される[0m
[32m      リダイレクト先が、投稿一覧画面になっている[0m
  自分の投稿編集画面のテスト
    表示の確認
[32m      URLが正しい[0m
[32m      「Editing Book」と表示される[0m
[32m      title編集フォームが表示される[0m
[32m      body編集フォームが表示される[0m
[32m      Update Bookボタンが表示される[0m
[32m      Showリンクが表示される[0m
[32m      Backリンクが表示される[0m
    編集成功のテスト
[32m      titleが正しく更新される[0m
[32m      bodyが正しく更新される[0m
[32m      リダイレクト先が、更新した投稿の詳細画面になっている[0m
  ユーザ一覧画面のテスト
    表示内容の確認
[32m      URLが正しい[0m
[32m      自分と他人の画像が表示される: fallbackの画像がサイドバーの1つ＋一覧(2人)の2つの計3つ存在する[0m
[32m      自分と他人の名前がそれぞれ表示される[0m
[32m      自分と他人のshowリンクがそれぞれ表示される[0m
    サイドバーの確認
[32m      自分の名前と紹介文が表示される[0m
[32m      自分のユーザ編集画面へのリンクが存在する[0m
[31m      「New book」と表示される (FAILED - 64)[0m
[32m      titleフォームが表示される[0m
[32m      titleフォームに値が入っていない[0m
[32m      bodyフォームが表示される[0m
[32m      bodyフォームに値が入っていない[0m
[32m      Create Bookボタンが表示される[0m
  自分のユーザ詳細画面のテスト
    表示の確認
[32m      URLが正しい[0m
[32m      投稿一覧のユーザ画像のリンク先が正しい[0m
[32m      投稿一覧に自分の投稿のtitleが表示され、リンクが正しい[0m
[32m      投稿一覧に自分の投稿のbodyが表示される[0m
[32m      他人の投稿は表示されない[0m
    サイドバーの確認
[32m      自分の名前と紹介文が表示される[0m
[32m      自分のユーザ編集画面へのリンクが存在する[0m
[31m      「New book」と表示される (FAILED - 65)[0m
[32m      titleフォームが表示される[0m
[32m      titleフォームに値が入っていない[0m
[32m      bodyフォームが表示される[0m
[32m      bodyフォームに値が入っていない[0m
[32m      Create Bookボタンが表示される[0m
  自分のユーザ情報編集画面のテスト
    表示の確認
[32m      URLが正しい[0m
[32m      名前編集フォームに自分の名前が表示される[0m
[32m      画像編集フォームが表示される[0m
[32m      自己紹介編集フォームに自分の自己紹介文が表示される[0m
[32m      Update Userボタンが表示される[0m
    更新成功のテスト
[32m      nameが正しく更新される[0m
[32m      introductionが正しく更新される[0m
[32m      リダイレクト先が、自分のユーザ詳細画面になっている[0m

[STEP3] 仕上げのテスト
  サクセスメッセージのテスト
[31m    ユーザ新規登録成功時 (FAILED - 66)[0m
[32m    ユーザログイン成功時[0m
[32m    ユーザログアウト成功時[0m
[32m    ユーザのプロフィール情報更新成功時[0m
[32m    投稿データの新規投稿成功時: 投稿一覧画面から行います。[0m
[32m    投稿データの更新成功時[0m
  処理失敗時のテスト
    ユーザ新規登録失敗: nameを1文字にする
[32m      新規登録されない[0m
[32m      新規登録画面を表示しており、フォームの内容が正しい[0m
[32m      バリデーションエラーが表示される[0m
    ユーザのプロフィール情報編集失敗: nameを1文字にする
[32m      更新されない[0m
[32m      ユーザ編集画面を表示しており、フォームの内容が正しい[0m
[32m      バリデーションエラーが表示される[0m
    投稿データの新規投稿失敗: 投稿一覧画面から行い、titleを空にする
[32m      投稿が保存されない[0m
[32m      投稿一覧画面を表示している[0m
[32m      新規投稿フォームの内容が正しい[0m
[32m      バリデーションエラーが表示される[0m
    投稿データの更新失敗: titleを空にする
[32m      投稿が更新されない[0m
[32m      投稿編集画面を表示しており、フォームの内容が正しい[0m
[32m      エラーメッセージが表示される[0m
  ログインしていない場合のアクセス制限のテスト: アクセスできず、ログイン画面に遷移する
[32m    ユーザ一覧画面[0m
[32m    ユーザ詳細画面[0m
[32m    ユーザ情報編集画面[0m
[32m    投稿一覧画面[0m
[32m    投稿詳細画面[0m
[32m    投稿編集画面[0m
  他人の画面のテスト
    他人の投稿詳細画面のテスト
      表示内容の確認
[32m        URLが正しい[0m
[32m        「Book detail」と表示される[0m
[31m        ユーザ画像・名前のリンク先が正しい (FAILED - 67)[0m
[32m        投稿のtitleが表示される[0m
[32m        投稿のopinionが表示される[0m
[32m        投稿の編集リンクが表示されない[0m
[32m        投稿の削除リンクが表示されない[0m
      サイドバーの確認
[32m        他人の名前と紹介文が表示される[0m
[32m        他人のユーザ編集画面へのリンクが存在する[0m
[32m        自分の名前と紹介文は表示されない[0m
[32m        自分のユーザ編集画面へのリンクは存在しない[0m
    他人の投稿編集画面
[31m      遷移できず、投稿一覧画面にリダイレクトされる (FAILED - 68)[0m
    他人のユーザ詳細画面のテスト
      表示の確認
[32m        URLが正しい[0m
[31m        投稿一覧のユーザ画像のリンク先が正しい (FAILED - 69)[0m
[32m        投稿一覧に他人の投稿のtitleが表示され、リンクが正しい[0m
[32m        投稿一覧に他人の投稿のopinionが表示される[0m
[32m        自分の投稿は表示されない[0m
      サイドバーの確認
[32m        他人の名前と紹介文が表示される[0m
[32m        他人のユーザ編集画面へのリンクが存在する[0m
[32m        自分の名前と紹介文は表示されない[0m
[32m        自分のユーザ編集画面へのリンクは存在しない[0m
    他人のユーザ情報編集画面
[31m      遷移できず、自分のユーザ詳細画面にリダイレクトされる (FAILED - 70)[0m
  グリッドシステムのテスト: container, row, col-md-〇を正しく使えている
[31m    ユーザ一覧画面 (FAILED - 71)[0m
[31m    ユーザ詳細画面 (FAILED - 72)[0m
[31m    投稿一覧画面 (FAILED - 73)[0m
[31m    投稿詳細画面 (FAILED - 74)[0m
  アイコンのテスト
    トップ画面
[31m      本のアイコンが表示される (FAILED - 75)[0m
    アバウト画面
[31m      本のアイコンが表示される (FAILED - 76)[0m
    ヘッダー: ログインしていない場合
[31m      Homeリンクのアイコンが表示される (FAILED - 77)[0m
[31m      Aboutリンクのアイコンが表示される (FAILED - 78)[0m
[31m      Sign upリンクのアイコンが表示される (FAILED - 79)[0m
[31m      Log inリンクのアイコンが表示される (FAILED - 80)[0m
    ヘッダー: ログインしている場合
[31m      Homeリンクのアイコンが表示される (FAILED - 81)[0m
[31m      Usersリンクのアイコンが表示される (FAILED - 82)[0m
[31m      Booksリンクのアイコンが表示される (FAILED - 83)[0m
[31m      Log outリンクのアイコンが表示される (FAILED - 84)[0m
    サイドバー
[31m      ユーザ一覧画面でレンチアイコンが表示される (FAILED - 85)[0m
[31m      ユーザ詳細画面でレンチアイコンが表示される (FAILED - 86)[0m
[31m      投稿一覧画面でレンチアイコンが表示される (FAILED - 87)[0m
[31m      投稿詳細画面でレンチアイコンが表示される (FAILED - 88)[0m

投稿のテスト
  トップ画面(root_path)のテスト
    表示の確認
[31m      トップ画面(root_path)に一覧ページへのリンクが表示されているか (FAILED - 89)[0m
[32m      root_pathが"/"であるか[0m
  一覧画面のテスト
    一覧の表示とリンクの確認
[31m      bookの一覧表示(tableタグ)と投稿フォームが同一画面に表示されているか (FAILED - 90)[0m
[31m      bookのタイトルと感想を表示し、詳細・編集・削除のリンクが表示されているか (FAILED - 91)[0m
[31m      Create Bookボタンが表示される (FAILED - 92)[0m
    投稿処理に関するテスト
[31m      投稿に成功しサクセスメッセージが表示されるか (FAILED - 93)[0m
[31m      投稿に失敗する (FAILED - 94)[0m
[31m      投稿後のリダイレクト先は正しいか (FAILED - 95)[0m
    book削除のテスト
[32m      application.html.erbにjavascript_pack_tagを含んでいるか[0m
[31m      bookの削除 (FAILED - 96)[0m
  詳細画面のテスト
    表示の確認
[31m      本のタイトルと感想が画面に表示されていること (FAILED - 97)[0m
[31m      Editリンクが表示される (FAILED - 98)[0m
[31m      Backリンクが表示される (FAILED - 99)[0m
    リンクの遷移先の確認
[31m      Editの遷移先は編集画面か (FAILED - 100)[0m
[31m      Backの遷移先は一覧画面か (FAILED - 101)[0m
  編集画面のテスト
    表示の確認
[31m      編集前のタイトルと感想がフォームに表示(セット)されている (FAILED - 102)[0m
[31m      Update Bookボタンが表示される (FAILED - 103)[0m
[31m      Showリンクが表示される (FAILED - 104)[0m
[31m      Backリンクが表示される (FAILED - 105)[0m
    リンクの遷移先の確認
[31m      Showの遷移先は詳細画面か (FAILED - 106)[0m
[31m      Backの遷移先は一覧画面か (FAILED - 107)[0m
    更新処理に関するテスト
[31m      更新に成功しサクセスメッセージが表示されるか (FAILED - 108)[0m
[31m      更新に失敗しエラーメッセージが表示されるか (FAILED - 109)[0m
[31m      更新後のリダイレクト先は正しいか (FAILED - 110)[0m

Failures:

  1) [STEP1] ユーザログイン前のテスト ヘッダーのテスト: ログインしていない場合 表示内容の確認 Sign upリンクが表示される: 左上から4番目のリンクが「Sign up」である
     [31mFailure/Error: expect(signup_link).to match(/Sign up/)[0m
     [31m[0m
     [31m  expected "\n               \n               Sign Up\n" to match /Sign up/[0m
     [31m  Diff:[0m[0m
     [31m  [0m[34m@@ -1,3 +1,5 @@[0m
     [31m  [0m[31m-/Sign up/[0m
     [31m  [0m[32m+[0m
     [31m  [0m[32m+               [0m
     [31m  [0m[32m+               Sign Up[0m
     [31m  [0m[0m
     [36m# ./spec/spec/system/01_before_login_spec.rb:64:in `block (4 levels) in <main>'[0m

  2) [STEP1] ユーザログイン前のテスト ヘッダーのテスト: ログインしていない場合 リンクの内容を確認 Bookersを押すと、トップ画面に遷移する
     [31mFailure/Error: click_link home_link[0m
     [31m[0m
     [31mCapybara::ElementNotFound:[0m
     [31m  Unable to find link "　Bookers　"[0m
     [36m# /home/ec2-user/.rvm/gems/ruby-3.1.2/gems/capybara-3.37.1/lib/capybara/node/finders.rb:310:in `block in synced_resolve'[0m
     [36m# /home/ec2-user/.rvm/gems/ruby-3.1.2/gems/capybara-3.37.1/lib/capybara/node/base.rb:83:in `synchronize'[0m
     [36m# /home/ec2-user/.rvm/gems/ruby-3.1.2/gems/capybara-3.37.1/lib/capybara/node/finders.rb:299:in `synced_resolve'[0m
     [36m# /home/ec2-user/.rvm/gems/ruby-3.1.2/gems/capybara-3.37.1/lib/capybara/node/finders.rb:60:in `find'[0m
     [36m# /home/ec2-user/.rvm/gems/ruby-3.1.2/gems/capybara-3.37.1/lib/capybara/node/actions.rb:42:in `click_link'[0m
     [36m# /home/ec2-user/.rvm/gems/ruby-3.1.2/gems/capybara-3.37.1/lib/capybara/session.rb:771:in `click_link'[0m
     [36m# /home/ec2-user/.rvm/gems/ruby-3.1.2/gems/capybara-3.37.1/lib/capybara/dsl.rb:52:in `call'[0m
     [36m# /home/ec2-user/.rvm/gems/ruby-3.1.2/gems/capybara-3.37.1/lib/capybara/dsl.rb:52:in `click_link'[0m
     [36m# ./spec/spec/system/01_before_login_spec.rb:79:in `block (4 levels) in <main>'[0m

  3) [STEP1] ユーザログイン前のテスト ユーザ新規登録のテスト 新規登録成功のテスト 正しく新規登録される
     [31mFailure/Error: expect { click_button 'Sign up' }.to change(User.all, :count).by(1)[0m
     [31m  expected `User::ActiveRecord_Relation#count` to have changed by 1, but was changed by 0[0m
     [36m# ./spec/spec/system/01_before_login_spec.rb:148:in `block (4 levels) in <main>'[0m

  4) [STEP1] ユーザログイン前のテスト ユーザ新規登録のテスト 新規登録成功のテスト 新規登録後のリダイレクト先が、新規登録できたユーザの詳細画面になっている
     [31mFailure/Error: expect(current_path).to eq '/users/' + User.last.id.to_s[0m
     [31m[0m
     [31mNoMethodError:[0m
     [31m  undefined method `id' for nil:NilClass[0m
     [31m[0m
     [31m          expect(current_path).to eq '/users/' + User.last.id.to_s[0m
     [31m                                                          ^^^[0m
     [36m# ./spec/spec/system/01_before_login_spec.rb:152:in `block (4 levels) in <main>'[0m

  5) [STEP1] ユーザログイン前のテスト ヘッダーのテスト: ログインしている場合 ヘッダーの表示を確認 Log outリンクが表示される: 左上から5番目のリンクが「Log out」である
     [31mFailure/Error: expect(logout_link).to match(/Log out/)[0m
     [31m[0m
     [31m  expected "\n               \n               Log Out\n" to match /Log out/[0m
     [31m  Diff:[0m[0m
     [31m  [0m[34m@@ -1,3 +1,5 @@[0m
     [31m  [0m[31m-/Log out/[0m
     [31m  [0m[32m+[0m
     [31m  [0m[32m+               [0m
     [31m  [0m[32m+               Log Out[0m
     [31m  [0m[0m
     [36m# ./spec/spec/system/01_before_login_spec.rb:239:in `block (4 levels) in <main>'[0m

  6) [STEP2] ユーザログイン後のテスト 投稿一覧画面のテスト 表示内容の確認 自分と他人の画像のリンク先が正しい
     [31mFailure/Error: expect(page).to have_link '', href: user_path(other_book.user)[0m
     [31m  expected to find link "" with href "/users/1" but there were no matches[0m
     [36m# ./spec/spec/system/02_after_login_spec.rb:52:in `block (4 levels) in <main>'[0m

  7) [STEP2] ユーザログイン後のテスト 投稿一覧画面のテスト サイドバーの確認 「New book」と表示される
     [31mFailure/Error: expect(page).to have_content 'New book'[0m
     [31m  expected to find text "New book" in "Bookers 　\nHome Users Books Log Out\nUser info\nname 0fc7nmc3nn introduction 0ts10w3saww21uaqrbdg\nNew Book\nTitle\nOpinion\nBooks\nTitle Opinion jdoqa nki3ctrphemwapdma1w7 yoevj blqdsk6fh7pycl8a0bmf\nCopyRight Infratop.inc". (However, it was found 1 time using a case insensitive search.)[0m
     [36m# ./spec/spec/system/02_after_login_spec.rb:73:in `block (4 levels) in <main>'[0m

  8) [STEP2] ユーザログイン後のテスト 自分の投稿詳細画面のテスト サイドバーの確認 「New book」と表示される
     [31mFailure/Error: expect(page).to have_content 'New book'[0m
     [31m  expected to find text "New book" in "Bookers 　\nHome Users Books Log Out\nUser info\nname xp1otkclum introduction hlvg7n30ij3zmn5ul31a\nNew Book\nTitle\nOpinion\nBook detail\nyadal j5kkb27tp4jbeuy56b9o Edit Destroy\nxp1otkclum\nCopyRight Infratop.inc". (However, it was found 1 time using a case insensitive search.)[0m
     [36m# ./spec/spec/system/02_after_login_spec.rb:146:in `block (4 levels) in <main>'[0m

  9) [STEP2] ユーザログイン後のテスト ユーザ一覧画面のテスト サイドバーの確認 「New book」と表示される
     [31mFailure/Error: expect(page).to have_content 'New book'[0m
     [31m  expected to find text "New book" in "Bookers 　\nHome Users Books Log Out\nUser info\nname d0sxeiq12a introduction 0kufw3mo1amjha37wxpn\nNew Book\nTitle\nOpinion\nUser\nimage name u3shdhuqd0 Show d0sxeiq12a Show\nCopyRight Infratop.inc". (However, it was found 1 time using a case insensitive search.)[0m
     [36m# ./spec/spec/system/02_after_login_spec.rb:289:in `block (4 levels) in <main>'[0m

  10) [STEP2] ユーザログイン後のテスト 自分のユーザ詳細画面のテスト サイドバーの確認 「New book」と表示される
      [31mFailure/Error: expect(page).to have_content 'New book'[0m
      [31m  expected to find text "New book" in "Bookers 　\nHome Users Books Log Out\nUser info\nname jrst1uja68 introduction megqzk3ig0yz5z1xww6z\nNew Book\nTitle\nOpinion\nBooks\nTitle Opinion wxb59 dsm46n9uaei4qyx7f0ks\nCopyRight Infratop.inc". (However, it was found 1 time using a case insensitive search.)[0m
      [36m# ./spec/spec/system/02_after_login_spec.rb:343:in `block (4 levels) in <main>'[0m

  11) [STEP3] 仕上げのテスト サクセスメッセージのテスト ユーザ新規登録成功時
      [31mFailure/Error: is_expected.to have_content 'successfully'[0m
      [31m  expected to find text "successfully" in "Bookers 　\nHome About Sign Up Log in\nSign up\n1 error prohibited this user from being saved:\nIntroduction is too short (minimum is 1 character)\nName\nEmail\nPassword (6 characters minimum)\nPassword confirmation\nLog in\nCopyRight Infratop.inc"[0m
      [36m# ./spec/spec/system/03_finishing_touches_spec.rb:19:in `block (3 levels) in <main>'[0m

  12) [STEP3] 仕上げのテスト 他人の画面のテスト 他人の投稿詳細画面のテスト 表示内容の確認 ユーザ画像・名前のリンク先が正しい
      [31mFailure/Error: expect(page).to have_link other_book.user.name, href: user_path(other_book.user)[0m
      [31m  expected to find link "opnpqwgxrq" with href "/users/1" but there were no matches[0m
      [36m# ./spec/spec/system/03_finishing_touches_spec.rb:226:in `block (5 levels) in <main>'[0m

  13) [STEP3] 仕上げのテスト 他人の画面のテスト 他人の投稿編集画面 遷移できず、投稿一覧画面にリダイレクトされる
      [31mFailure/Error: expect(current_path).to eq '/books'[0m
      [31m[0m
      [31m  expected: "/books"[0m
      [31m       got: "/books/2/edit"[0m
      [31m[0m
      [31m  (compared using ==)[0m
      [36m# ./spec/spec/system/03_finishing_touches_spec.rb:263:in `block (4 levels) in <main>'[0m

  14) [STEP3] 仕上げのテスト 他人の画面のテスト 他人のユーザ詳細画面のテスト 表示の確認 投稿一覧のユーザ画像のリンク先が正しい
      [31mFailure/Error: expect(page).to have_link '', href: user_path(other_user)[0m
      [31m  expected to find link "" with href "/users/1" but there were no matches[0m
      [36m# ./spec/spec/system/03_finishing_touches_spec.rb:277:in `block (5 levels) in <main>'[0m

  15) [STEP3] 仕上げのテスト 他人の画面のテスト 他人のユーザ情報編集画面 遷移できず、自分のユーザ詳細画面にリダイレクトされる
      [31mFailure/Error: expect(current_path).to eq '/users/' + user.id.to_s[0m
      [31m[0m
      [31m  expected: "/users/2"[0m
      [31m       got: "/users"[0m
      [31m[0m
      [31m  (compared using ==)[0m
      [36m# ./spec/spec/system/03_finishing_touches_spec.rb:312:in `block (4 levels) in <main>'[0m

  16) [STEP3] 仕上げのテスト グリッドシステムのテスト: container, row, col-md-〇を正しく使えている ユーザ一覧画面
      [31mFailure/Error: is_expected.to have_selector '.container .row .col-md-3'[0m
      [31m  expected to find css ".container .row .col-md-3" but there were no matches[0m
      [36m# ./spec/spec/system/03_finishing_touches_spec.rb:329:in `block (3 levels) in <main>'[0m

  17) [STEP3] 仕上げのテスト グリッドシステムのテスト: container, row, col-md-〇を正しく使えている ユーザ詳細画面
      [31mFailure/Error: is_expected.to have_selector '.container .row .col-md-3'[0m
      [31m  expected to find css ".container .row .col-md-3" but there were no matches[0m
      [36m# ./spec/spec/system/03_finishing_touches_spec.rb:334:in `block (3 levels) in <main>'[0m

  18) [STEP3] 仕上げのテスト グリッドシステムのテスト: container, row, col-md-〇を正しく使えている 投稿一覧画面
      [31mFailure/Error: is_expected.to have_selector '.container .row .col-md-3'[0m
      [31m  expected to find css ".container .row .col-md-3" but there were no matches[0m
      [36m# ./spec/spec/system/03_finishing_touches_spec.rb:339:in `block (3 levels) in <main>'[0m

  19) [STEP3] 仕上げのテスト グリッドシステムのテスト: container, row, col-md-〇を正しく使えている 投稿詳細画面
      [31mFailure/Error: is_expected.to have_selector '.container .row .col-md-3'[0m
      [31m  expected to find css ".container .row .col-md-3" but there were no matches[0m
      [36m# ./spec/spec/system/03_finishing_touches_spec.rb:344:in `block (3 levels) in <main>'[0m

  20) [STEP3] 仕上げのテスト アイコンのテスト トップ画面 本のアイコンが表示される
      [31mFailure/Error: is_expected.to have_selector '.fas.fa-book'[0m
      [31m  expected to find css ".fas.fa-book" but there were no matches[0m
      [36m# ./spec/spec/system/03_finishing_touches_spec.rb:358:in `block (4 levels) in <main>'[0m

  21) [STEP3] 仕上げのテスト アイコンのテスト アバウト画面 本のアイコンが表示される
      [31mFailure/Error: is_expected.to have_selector '.fas.fa-book'[0m
      [31m  expected to find css ".fas.fa-book" but there were no matches[0m
      [36m# ./spec/spec/system/03_finishing_touches_spec.rb:370:in `block (4 levels) in <main>'[0m

  22) [STEP3] 仕上げのテスト アイコンのテスト ヘッダー: ログインしていない場合 Homeリンクのアイコンが表示される
      [31mFailure/Error: is_expected.to have_selector '.fas.fa-home'[0m
      [31m  expected to find css ".fas.fa-home" but there were no matches[0m
      [36m# ./spec/spec/system/03_finishing_touches_spec.rb:382:in `block (4 levels) in <main>'[0m

  23) [STEP3] 仕上げのテスト アイコンのテスト ヘッダー: ログインしていない場合 Aboutリンクのアイコンが表示される
      [31mFailure/Error: is_expected.to have_selector '.fas.fa-link'[0m
      [31m  expected to find css ".fas.fa-link" but there were no matches[0m
      [36m# ./spec/spec/system/03_finishing_touches_spec.rb:385:in `block (4 levels) in <main>'[0m

  24) [STEP3] 仕上げのテスト アイコンのテスト ヘッダー: ログインしていない場合 Sign upリンクのアイコンが表示される
      [31mFailure/Error: is_expected.to have_selector '.fas.fa-user-plus'[0m
      [31m  expected to find css ".fas.fa-user-plus" but there were no matches[0m
      [36m# ./spec/spec/system/03_finishing_touches_spec.rb:388:in `block (4 levels) in <main>'[0m

  25) [STEP3] 仕上げのテスト アイコンのテスト ヘッダー: ログインしていない場合 Log inリンクのアイコンが表示される
      [31mFailure/Error: is_expected.to have_selector '.fas.fa-sign-in-alt'[0m
      [31m  expected to find css ".fas.fa-sign-in-alt" but there were no matches[0m
      [36m# ./spec/spec/system/03_finishing_touches_spec.rb:391:in `block (4 levels) in <main>'[0m

  26) [STEP3] 仕上げのテスト アイコンのテスト ヘッダー: ログインしている場合 Homeリンクのアイコンが表示される
      [31mFailure/Error: is_expected.to have_selector '.fas.fa-home'[0m
      [31m  expected to find css ".fas.fa-home" but there were no matches[0m
      [36m# ./spec/spec/system/03_finishing_touches_spec.rb:406:in `block (4 levels) in <main>'[0m

  27) [STEP3] 仕上げのテスト アイコンのテスト ヘッダー: ログインしている場合 Usersリンクのアイコンが表示される
      [31mFailure/Error: is_expected.to have_selector '.fas.fa-users'[0m
      [31m  expected to find css ".fas.fa-users" but there were no matches[0m
      [36m# ./spec/spec/system/03_finishing_touches_spec.rb:409:in `block (4 levels) in <main>'[0m

  28) [STEP3] 仕上げのテスト アイコンのテスト ヘッダー: ログインしている場合 Booksリンクのアイコンが表示される
      [31mFailure/Error: is_expected.to have_selector '.fas.fa-book-open'[0m
      [31m  expected to find css ".fas.fa-book-open" but there were no matches[0m
      [36m# ./spec/spec/system/03_finishing_touches_spec.rb:412:in `block (4 levels) in <main>'[0m

  29) [STEP3] 仕上げのテスト アイコンのテスト ヘッダー: ログインしている場合 Log outリンクのアイコンが表示される
      [31mFailure/Error: is_expected.to have_selector '.fas.fa-sign-out-alt'[0m
      [31m  expected to find css ".fas.fa-sign-out-alt" but there were no matches[0m
      [36m# ./spec/spec/system/03_finishing_touches_spec.rb:415:in `block (4 levels) in <main>'[0m

  30) [STEP3] 仕上げのテスト アイコンのテスト サイドバー ユーザ一覧画面でレンチアイコンが表示される
      [31mFailure/Error: is_expected.to have_selector '.fas.fa-user-cog'[0m
      [31m  expected to find css ".fas.fa-user-cog" but there were no matches[0m
      [36m# ./spec/spec/system/03_finishing_touches_spec.rb:431:in `block (4 levels) in <main>'[0m

  31) [STEP3] 仕上げのテスト アイコンのテスト サイドバー ユーザ詳細画面でレンチアイコンが表示される
      [31mFailure/Error: is_expected.to have_selector '.fas.fa-user-cog'[0m
      [31m  expected to find css ".fas.fa-user-cog" but there were no matches[0m
      [36m# ./spec/spec/system/03_finishing_touches_spec.rb:435:in `block (4 levels) in <main>'[0m

  32) [STEP3] 仕上げのテスト アイコンのテスト サイドバー 投稿一覧画面でレンチアイコンが表示される
      [31mFailure/Error: is_expected.to have_selector '.fas.fa-user-cog'[0m
      [31m  expected to find css ".fas.fa-user-cog" but there were no matches[0m
      [36m# ./spec/spec/system/03_finishing_touches_spec.rb:439:in `block (4 levels) in <main>'[0m

  33) [STEP3] 仕上げのテスト アイコンのテスト サイドバー 投稿詳細画面でレンチアイコンが表示される
      [31mFailure/Error: is_expected.to have_selector '.fas.fa-user-cog'[0m
      [31m  expected to find css ".fas.fa-user-cog" but there were no matches[0m
      [36m# ./spec/spec/system/03_finishing_touches_spec.rb:443:in `block (4 levels) in <main>'[0m

  34) 投稿のテスト トップ画面(root_path)のテスト 表示の確認 トップ画面(root_path)に一覧ページへのリンクが表示されているか
      [31mFailure/Error: expect(page).to have_link "", href: books_path[0m
      [31m  expected to find link "" with href "/books" but there were no matches[0m
      [36m# ./spec/spec/system/books_spec.rb:11:in `block (4 levels) in <main>'[0m

  35) 投稿のテスト 一覧画面のテスト 一覧の表示とリンクの確認 bookの一覧表示(tableタグ)と投稿フォームが同一画面に表示されているか
      [31mFailure/Error: expect(page).to have_selector 'table'[0m
      [31m  expected to find css "table" but there were no matches[0m
      [36m# ./spec/spec/system/books_spec.rb:24:in `block (4 levels) in <main>'[0m

  36) 投稿のテスト 一覧画面のテスト 一覧の表示とリンクの確認 bookのタイトルと感想を表示し、詳細・編集・削除のリンクが表示されているか
      [31mFailure/Error: expect(page).to have_content book.title[0m
      [31m  expected to find text "hoge" in "Bookers 　\nHome About Sign Up Log in\nLog in\nName\nPassword\nRemember me\nSign up Forgot your password?\nCopyRight Infratop.inc"[0m
      [36m# ./spec/spec/system/books_spec.rb:35:in `block (5 levels) in <main>'[0m
      [36m# ./spec/spec/system/books_spec.rb:33:in `each_with_index'[0m
      [36m# ./spec/spec/system/books_spec.rb:33:in `block (4 levels) in <main>'[0m

  37) 投稿のテスト 一覧画面のテスト 一覧の表示とリンクの確認 Create Bookボタンが表示される
      [31mFailure/Error: expect(page).to have_button 'Create Book'[0m
      [31m  expected to find button "Create Book" that is not disabled but there were no matches[0m
      [36m# ./spec/spec/system/books_spec.rb:52:in `block (4 levels) in <main>'[0m

  38) 投稿のテスト 一覧画面のテスト 投稿処理に関するテスト 投稿に成功しサクセスメッセージが表示されるか
      [31mFailure/Error: fill_in 'book[title]', with: Faker::Lorem.characters(number:5)[0m
      [31m[0m
      [31mCapybara::ElementNotFound:[0m
      [31m  Unable to find field "book[title]" that is not disabled[0m
      [36m# /home/ec2-user/.rvm/gems/ruby-3.1.2/gems/capybara-3.37.1/lib/capybara/node/finders.rb:310:in `block in synced_resolve'[0m
      [36m# /home/ec2-user/.rvm/gems/ruby-3.1.2/gems/capybara-3.37.1/lib/capybara/node/base.rb:83:in `synchronize'[0m
      [36m# /home/ec2-user/.rvm/gems/ruby-3.1.2/gems/capybara-3.37.1/lib/capybara/node/finders.rb:299:in `synced_resolve'[0m
      [36m# /home/ec2-user/.rvm/gems/ruby-3.1.2/gems/capybara-3.37.1/lib/capybara/node/finders.rb:60:in `find'[0m
      [36m# /home/ec2-user/.rvm/gems/ruby-3.1.2/gems/capybara-3.37.1/lib/capybara/node/actions.rb:91:in `fill_in'[0m
      [36m# /home/ec2-user/.rvm/gems/ruby-3.1.2/gems/capybara-3.37.1/lib/capybara/session.rb:771:in `fill_in'[0m
      [36m# /home/ec2-user/.rvm/gems/ruby-3.1.2/gems/capybara-3.37.1/lib/capybara/dsl.rb:52:in `call'[0m
      [36m# /home/ec2-user/.rvm/gems/ruby-3.1.2/gems/capybara-3.37.1/lib/capybara/dsl.rb:52:in `fill_in'[0m
      [36m# ./spec/spec/system/books_spec.rb:57:in `block (4 levels) in <main>'[0m

  39) 投稿のテスト 一覧画面のテスト 投稿処理に関するテスト 投稿に失敗する
      [31mFailure/Error: click_button 'Create Book'[0m
      [31m[0m
      [31mCapybara::ElementNotFound:[0m
      [31m  Unable to find button "Create Book" that is not disabled[0m
      [36m# /home/ec2-user/.rvm/gems/ruby-3.1.2/gems/capybara-3.37.1/lib/capybara/node/finders.rb:310:in `block in synced_resolve'[0m
      [36m# /home/ec2-user/.rvm/gems/ruby-3.1.2/gems/capybara-3.37.1/lib/capybara/node/base.rb:83:in `synchronize'[0m
      [36m# /home/ec2-user/.rvm/gems/ruby-3.1.2/gems/capybara-3.37.1/lib/capybara/node/finders.rb:299:in `synced_resolve'[0m
      [36m# /home/ec2-user/.rvm/gems/ruby-3.1.2/gems/capybara-3.37.1/lib/capybara/node/finders.rb:60:in `find'[0m
      [36m# /home/ec2-user/.rvm/gems/ruby-3.1.2/gems/capybara-3.37.1/lib/capybara/node/actions.rb:58:in `click_button'[0m
      [36m# /home/ec2-user/.rvm/gems/ruby-3.1.2/gems/capybara-3.37.1/lib/capybara/session.rb:771:in `click_button'[0m
      [36m# /home/ec2-user/.rvm/gems/ruby-3.1.2/gems/capybara-3.37.1/lib/capybara/dsl.rb:52:in `call'[0m
      [36m# /home/ec2-user/.rvm/gems/ruby-3.1.2/gems/capybara-3.37.1/lib/capybara/dsl.rb:52:in `click_button'[0m
      [36m# ./spec/spec/system/books_spec.rb:63:in `block (4 levels) in <main>'[0m

  40) 投稿のテスト 一覧画面のテスト 投稿処理に関するテスト 投稿後のリダイレクト先は正しいか
      [31mFailure/Error: fill_in 'book[title]', with: Faker::Lorem.characters(number:5)[0m
      [31m[0m
      [31mCapybara::ElementNotFound:[0m
      [31m  Unable to find field "book[title]" that is not disabled[0m
      [36m# /home/ec2-user/.rvm/gems/ruby-3.1.2/gems/capybara-3.37.1/lib/capybara/node/finders.rb:310:in `block in synced_resolve'[0m
      [36m# /home/ec2-user/.rvm/gems/ruby-3.1.2/gems/capybara-3.37.1/lib/capybara/node/base.rb:83:in `synchronize'[0m
      [36m# /home/ec2-user/.rvm/gems/ruby-3.1.2/gems/capybara-3.37.1/lib/capybara/node/finders.rb:299:in `synced_resolve'[0m
      [36m# /home/ec2-user/.rvm/gems/ruby-3.1.2/gems/capybara-3.37.1/lib/capybara/node/finders.rb:60:in `find'[0m
      [36m# /home/ec2-user/.rvm/gems/ruby-3.1.2/gems/capybara-3.37.1/lib/capybara/node/actions.rb:91:in `fill_in'[0m
      [36m# /home/ec2-user/.rvm/gems/ruby-3.1.2/gems/capybara-3.37.1/lib/capybara/session.rb:771:in `fill_in'[0m
      [36m# /home/ec2-user/.rvm/gems/ruby-3.1.2/gems/capybara-3.37.1/lib/capybara/dsl.rb:52:in `call'[0m
      [36m# /home/ec2-user/.rvm/gems/ruby-3.1.2/gems/capybara-3.37.1/lib/capybara/dsl.rb:52:in `fill_in'[0m
      [36m# ./spec/spec/system/books_spec.rb:68:in `block (4 levels) in <main>'[0m

  41) 投稿のテスト 一覧画面のテスト book削除のテスト bookの削除
      [31mFailure/Error: click_link 'Destroy', match: :first[0m
      [31m[0m
      [31mCapybara::ElementNotFound:[0m
      [31m  Unable to find link "Destroy"[0m
      [36m# /home/ec2-user/.rvm/gems/ruby-3.1.2/gems/capybara-3.37.1/lib/capybara/node/finders.rb:310:in `block in synced_resolve'[0m
      [36m# /home/ec2-user/.rvm/gems/ruby-3.1.2/gems/capybara-3.37.1/lib/capybara/node/base.rb:83:in `synchronize'[0m
      [36m# /home/ec2-user/.rvm/gems/ruby-3.1.2/gems/capybara-3.37.1/lib/capybara/node/finders.rb:299:in `synced_resolve'[0m
      [36m# /home/ec2-user/.rvm/gems/ruby-3.1.2/gems/capybara-3.37.1/lib/capybara/node/finders.rb:60:in `find'[0m
      [36m# /home/ec2-user/.rvm/gems/ruby-3.1.2/gems/capybara-3.37.1/lib/capybara/node/actions.rb:42:in `click_link'[0m
      [36m# /home/ec2-user/.rvm/gems/ruby-3.1.2/gems/capybara-3.37.1/lib/capybara/session.rb:771:in `click_link'[0m
      [36m# /home/ec2-user/.rvm/gems/ruby-3.1.2/gems/capybara-3.37.1/lib/capybara/dsl.rb:52:in `call'[0m
      [36m# /home/ec2-user/.rvm/gems/ruby-3.1.2/gems/capybara-3.37.1/lib/capybara/dsl.rb:52:in `click_link'[0m
      [36m# ./spec/spec/system/books_spec.rb:88:in `block (4 levels) in <main>'[0m

  42) 投稿のテスト 詳細画面のテスト 表示の確認 本のタイトルと感想が画面に表示されていること
      [31mFailure/Error: expect(page).to have_content book.title[0m
      [31m  expected to find text "hoge" in "Bookers 　\nHome About Sign Up Log in\nLog in\nName\nPassword\nRemember me\nSign up Forgot your password?\nCopyRight Infratop.inc"[0m
      [36m# ./spec/spec/system/books_spec.rb:101:in `block (4 levels) in <main>'[0m

  43) 投稿のテスト 詳細画面のテスト 表示の確認 Editリンクが表示される
      [31mFailure/Error: expect(edit_link.native.inner_text).to match(/edit/i)[0m
      [31m[0m
      [31m  expected "\n      　  Bookers\n      　" to match /edit/i[0m
      [31m  Diff:[0m[0m
      [31m  [0m[34m@@ -1,3 +1,5 @@[0m
      [31m  [0m[31m-/edit/i[0m
      [31m  [0m[32m+[0m
      [31m  [0m[32m+      　  Bookers[0m
      [31m  [0m[32m+      　[0m
      [31m  [0m[0m
      [36m# ./spec/spec/system/books_spec.rb:106:in `block (4 levels) in <main>'[0m

  44) 投稿のテスト 詳細画面のテスト 表示の確認 Backリンクが表示される
      [31mFailure/Error: expect(back_link.native.inner_text).to match(/back/i)[0m
      [31m[0m
      [31m  expected "\n               \n               Home\n" to match /back/i[0m
      [31m  Diff:[0m[0m
      [31m  [0m[34m@@ -1,3 +1,5 @@[0m
      [31m  [0m[31m-/back/i[0m
      [31m  [0m[32m+[0m
      [31m  [0m[32m+               [0m
      [31m  [0m[32m+               Home[0m
      [31m  [0m[0m
      [36m# ./spec/spec/system/books_spec.rb:110:in `block (4 levels) in <main>'[0m

  45) 投稿のテスト 詳細画面のテスト リンクの遷移先の確認 Editの遷移先は編集画面か
      [31mFailure/Error: expect(current_path).to eq('/books/' + book.id.to_s + '/edit')[0m
      [31m[0m
      [31m  expected: "/books/1/edit"[0m
      [31m       got: "/"[0m
      [31m[0m
      [31m  (compared using ==)[0m
      [36m# ./spec/spec/system/books_spec.rb:117:in `block (4 levels) in <main>'[0m

  46) 投稿のテスト 詳細画面のテスト リンクの遷移先の確認 Backの遷移先は一覧画面か
      [31mFailure/Error: expect(page).to have_current_path books_path[0m
      [31m  expected "/" to equal "/books"[0m
      [36m# ./spec/spec/system/books_spec.rb:122:in `block (4 levels) in <main>'[0m

  47) 投稿のテスト 編集画面のテスト 表示の確認 編集前のタイトルと感想がフォームに表示(セット)されている
      [31mFailure/Error: expect(page).to have_field 'book[title]', with: book.title[0m
      [31m  expected to find field "book[title]" that is not disabled but there were no matches[0m
      [36m# ./spec/spec/system/books_spec.rb:132:in `block (4 levels) in <main>'[0m

  48) 投稿のテスト 編集画面のテスト 表示の確認 Update Bookボタンが表示される
      [31mFailure/Error: expect(page).to have_button 'Update Book'[0m
      [31m  expected to find button "Update Book" that is not disabled but there were no matches[0m
      [36m# ./spec/spec/system/books_spec.rb:136:in `block (4 levels) in <main>'[0m

  49) 投稿のテスト 編集画面のテスト 表示の確認 Showリンクが表示される
      [31mFailure/Error: expect(show_link.native.inner_text).to match(/show/i)[0m
      [31m[0m
      [31m  expected "\n      　  Bookers\n      　" to match /show/i[0m
      [31m  Diff:[0m[0m
      [31m  [0m[34m@@ -1,3 +1,5 @@[0m
      [31m  [0m[31m-/show/i[0m
      [31m  [0m[32m+[0m
      [31m  [0m[32m+      　  Bookers[0m
      [31m  [0m[32m+      　[0m
      [31m  [0m[0m
      [36m# ./spec/spec/system/books_spec.rb:140:in `block (4 levels) in <main>'[0m

  50) 投稿のテスト 編集画面のテスト 表示の確認 Backリンクが表示される
      [31mFailure/Error: expect(back_link.native.inner_text).to match(/back/i)[0m
      [31m[0m
      [31m  expected "\n               \n               Home\n" to match /back/i[0m
      [31m  Diff:[0m[0m
      [31m  [0m[34m@@ -1,3 +1,5 @@[0m
      [31m  [0m[31m-/back/i[0m
      [31m  [0m[32m+[0m
      [31m  [0m[32m+               [0m
      [31m  [0m[32m+               Home[0m
      [31m  [0m[0m
      [36m# ./spec/spec/system/books_spec.rb:144:in `block (4 levels) in <main>'[0m

  51) 投稿のテスト 編集画面のテスト リンクの遷移先の確認 Showの遷移先は詳細画面か
      [31mFailure/Error: expect(current_path).to eq('/books/' + book.id.to_s)[0m
      [31m[0m
      [31m  expected: "/books/1"[0m
      [31m       got: "/"[0m
      [31m[0m
      [31m  (compared using ==)[0m
      [36m# ./spec/spec/system/books_spec.rb:151:in `block (4 levels) in <main>'[0m

  52) 投稿のテスト 編集画面のテスト リンクの遷移先の確認 Backの遷移先は一覧画面か
      [31mFailure/Error: expect(page).to have_current_path books_path[0m
      [31m  expected "/" to equal "/books"[0m
      [36m# ./spec/spec/system/books_spec.rb:156:in `block (4 levels) in <main>'[0m

  53) 投稿のテスト 編集画面のテスト 更新処理に関するテスト 更新に成功しサクセスメッセージが表示されるか
      [31mFailure/Error: fill_in 'book[title]', with: Faker::Lorem.characters(number:5)[0m
      [31m[0m
      [31mCapybara::ElementNotFound:[0m
      [31m  Unable to find field "book[title]" that is not disabled[0m
      [36m# /home/ec2-user/.rvm/gems/ruby-3.1.2/gems/capybara-3.37.1/lib/capybara/node/finders.rb:310:in `block in synced_resolve'[0m
      [36m# /home/ec2-user/.rvm/gems/ruby-3.1.2/gems/capybara-3.37.1/lib/capybara/node/base.rb:83:in `synchronize'[0m
      [36m# /home/ec2-user/.rvm/gems/ruby-3.1.2/gems/capybara-3.37.1/lib/capybara/node/finders.rb:299:in `synced_resolve'[0m
      [36m# /home/ec2-user/.rvm/gems/ruby-3.1.2/gems/capybara-3.37.1/lib/capybara/node/finders.rb:60:in `find'[0m
      [36m# /home/ec2-user/.rvm/gems/ruby-3.1.2/gems/capybara-3.37.1/lib/capybara/node/actions.rb:91:in `fill_in'[0m
      [36m# /home/ec2-user/.rvm/gems/ruby-3.1.2/gems/capybara-3.37.1/lib/capybara/session.rb:771:in `fill_in'[0m
      [36m# /home/ec2-user/.rvm/gems/ruby-3.1.2/gems/capybara-3.37.1/lib/capybara/dsl.rb:52:in `call'[0m
      [36m# /home/ec2-user/.rvm/gems/ruby-3.1.2/gems/capybara-3.37.1/lib/capybara/dsl.rb:52:in `fill_in'[0m
      [36m# ./spec/spec/system/books_spec.rb:161:in `block (4 levels) in <main>'[0m

  54) 投稿のテスト 編集画面のテスト 更新処理に関するテスト 更新に失敗しエラーメッセージが表示されるか
      [31mFailure/Error: fill_in 'book[title]', with: ""[0m
      [31m[0m
      [31mCapybara::ElementNotFound:[0m
      [31m  Unable to find field "book[title]" that is not disabled[0m
      [36m# /home/ec2-user/.rvm/gems/ruby-3.1.2/gems/capybara-3.37.1/lib/capybara/node/finders.rb:310:in `block in synced_resolve'[0m
      [36m# /home/ec2-user/.rvm/gems/ruby-3.1.2/gems/capybara-3.37.1/lib/capybara/node/base.rb:83:in `synchronize'[0m
      [36m# /home/ec2-user/.rvm/gems/ruby-3.1.2/gems/capybara-3.37.1/lib/capybara/node/finders.rb:299:in `synced_resolve'[0m
      [36m# /home/ec2-user/.rvm/gems/ruby-3.1.2/gems/capybara-3.37.1/lib/capybara/node/finders.rb:60:in `find'[0m
      [36m# /home/ec2-user/.rvm/gems/ruby-3.1.2/gems/capybara-3.37.1/lib/capybara/node/actions.rb:91:in `fill_in'[0m
      [36m# /home/ec2-user/.rvm/gems/ruby-3.1.2/gems/capybara-3.37.1/lib/capybara/session.rb:771:in `fill_in'[0m
      [36m# /home/ec2-user/.rvm/gems/ruby-3.1.2/gems/capybara-3.37.1/lib/capybara/dsl.rb:52:in `call'[0m
      [36m# /home/ec2-user/.rvm/gems/ruby-3.1.2/gems/capybara-3.37.1/lib/capybara/dsl.rb:52:in `fill_in'[0m
      [36m# ./spec/spec/system/books_spec.rb:167:in `block (4 levels) in <main>'[0m

  55) 投稿のテスト 編集画面のテスト 更新処理に関するテスト 更新後のリダイレクト先は正しいか
      [31mFailure/Error: fill_in 'book[title]', with: Faker::Lorem.characters(number:5)[0m
      [31m[0m
      [31mCapybara::ElementNotFound:[0m
      [31m  Unable to find field "book[title]" that is not disabled[0m
      [36m# /home/ec2-user/.rvm/gems/ruby-3.1.2/gems/capybara-3.37.1/lib/capybara/node/finders.rb:310:in `block in synced_resolve'[0m
      [36m# /home/ec2-user/.rvm/gems/ruby-3.1.2/gems/capybara-3.37.1/lib/capybara/node/base.rb:83:in `synchronize'[0m
      [36m# /home/ec2-user/.rvm/gems/ruby-3.1.2/gems/capybara-3.37.1/lib/capybara/node/finders.rb:299:in `synced_resolve'[0m
      [36m# /home/ec2-user/.rvm/gems/ruby-3.1.2/gems/capybara-3.37.1/lib/capybara/node/finders.rb:60:in `find'[0m
      [36m# /home/ec2-user/.rvm/gems/ruby-3.1.2/gems/capybara-3.37.1/lib/capybara/node/actions.rb:91:in `fill_in'[0m
      [36m# /home/ec2-user/.rvm/gems/ruby-3.1.2/gems/capybara-3.37.1/lib/capybara/session.rb:771:in `fill_in'[0m
      [36m# /home/ec2-user/.rvm/gems/ruby-3.1.2/gems/capybara-3.37.1/lib/capybara/dsl.rb:52:in `call'[0m
      [36m# /home/ec2-user/.rvm/gems/ruby-3.1.2/gems/capybara-3.37.1/lib/capybara/dsl.rb:52:in `fill_in'[0m
      [36m# ./spec/spec/system/books_spec.rb:173:in `block (4 levels) in <main>'[0m

  56) [STEP1] ユーザログイン前のテスト ヘッダーのテスト: ログインしていない場合 表示内容の確認 Sign upリンクが表示される: 左上から4番目のリンクが「Sign up」である
      [31mFailure/Error: expect(signup_link).to match(/Sign up/)[0m
      [31m[0m
      [31m  expected "\n               \n               Sign Up\n" to match /Sign up/[0m
      [31m  Diff:[0m[0m
      [31m  [0m[34m@@ -1,3 +1,5 @@[0m
      [31m  [0m[31m-/Sign up/[0m
      [31m  [0m[32m+[0m
      [31m  [0m[32m+               [0m
      [31m  [0m[32m+               Sign Up[0m
      [31m  [0m[0m
      [36m# ./spec/system/01_before_login_spec.rb:64:in `block (4 levels) in <main>'[0m

  57) [STEP1] ユーザログイン前のテスト ヘッダーのテスト: ログインしていない場合 リンクの内容を確認 Bookersを押すと、トップ画面に遷移する
      [31mFailure/Error: click_link home_link[0m
      [31m[0m
      [31mCapybara::ElementNotFound:[0m
      [31m  Unable to find link "　Bookers　"[0m
      [36m# /home/ec2-user/.rvm/gems/ruby-3.1.2/gems/capybara-3.37.1/lib/capybara/node/finders.rb:310:in `block in synced_resolve'[0m
      [36m# /home/ec2-user/.rvm/gems/ruby-3.1.2/gems/capybara-3.37.1/lib/capybara/node/base.rb:83:in `synchronize'[0m
      [36m# /home/ec2-user/.rvm/gems/ruby-3.1.2/gems/capybara-3.37.1/lib/capybara/node/finders.rb:299:in `synced_resolve'[0m
      [36m# /home/ec2-user/.rvm/gems/ruby-3.1.2/gems/capybara-3.37.1/lib/capybara/node/finders.rb:60:in `find'[0m
      [36m# /home/ec2-user/.rvm/gems/ruby-3.1.2/gems/capybara-3.37.1/lib/capybara/node/actions.rb:42:in `click_link'[0m
      [36m# /home/ec2-user/.rvm/gems/ruby-3.1.2/gems/capybara-3.37.1/lib/capybara/session.rb:771:in `click_link'[0m
      [36m# /home/ec2-user/.rvm/gems/ruby-3.1.2/gems/capybara-3.37.1/lib/capybara/dsl.rb:52:in `call'[0m
      [36m# /home/ec2-user/.rvm/gems/ruby-3.1.2/gems/capybara-3.37.1/lib/capybara/dsl.rb:52:in `click_link'[0m
      [36m# ./spec/system/01_before_login_spec.rb:79:in `block (4 levels) in <main>'[0m

  58) [STEP1] ユーザログイン前のテスト ユーザ新規登録のテスト 新規登録成功のテスト 正しく新規登録される
      [31mFailure/Error: expect { click_button 'Sign up' }.to change(User.all, :count).by(1)[0m
      [31m  expected `User::ActiveRecord_Relation#count` to have changed by 1, but was changed by 0[0m
      [36m# ./spec/system/01_before_login_spec.rb:148:in `block (4 levels) in <main>'[0m

  59) [STEP1] ユーザログイン前のテスト ユーザ新規登録のテスト 新規登録成功のテスト 新規登録後のリダイレクト先が、新規登録できたユーザの詳細画面になっている
      [31mFailure/Error: expect(current_path).to eq '/users/' + User.last.id.to_s[0m
      [31m[0m
      [31mNoMethodError:[0m
      [31m  undefined method `id' for nil:NilClass[0m
      [31m[0m
      [31m          expect(current_path).to eq '/users/' + User.last.id.to_s[0m
      [31m                                                          ^^^[0m
      [36m# ./spec/system/01_before_login_spec.rb:152:in `block (4 levels) in <main>'[0m

  60) [STEP1] ユーザログイン前のテスト ヘッダーのテスト: ログインしている場合 ヘッダーの表示を確認 Log outリンクが表示される: 左上から5番目のリンクが「Log out」である
      [31mFailure/Error: expect(logout_link).to match(/Log out/)[0m
      [31m[0m
      [31m  expected "\n               \n               Log Out\n" to match /Log out/[0m
      [31m  Diff:[0m[0m
      [31m  [0m[34m@@ -1,3 +1,5 @@[0m
      [31m  [0m[31m-/Log out/[0m
      [31m  [0m[32m+[0m
      [31m  [0m[32m+               [0m
      [31m  [0m[32m+               Log Out[0m
      [31m  [0m[0m
      [36m# ./spec/system/01_before_login_spec.rb:239:in `block (4 levels) in <main>'[0m

  61) [STEP2] ユーザログイン後のテスト 投稿一覧画面のテスト 表示内容の確認 自分と他人の画像のリンク先が正しい
      [31mFailure/Error: expect(page).to have_link '', href: user_path(other_book.user)[0m
      [31m  expected to find link "" with href "/users/1" but there were no matches[0m
      [36m# ./spec/system/02_after_login_spec.rb:52:in `block (4 levels) in <main>'[0m

  62) [STEP2] ユーザログイン後のテスト 投稿一覧画面のテスト サイドバーの確認 「New book」と表示される
      [31mFailure/Error: expect(page).to have_content 'New book'[0m
      [31m  expected to find text "New book" in "Bookers 　\nHome Users Books Log Out\nUser info\nname 7pflt1a6rv introduction hrsldb8e6917m12eejp5\nNew Book\nTitle\nOpinion\nBooks\nTitle Opinion mmu1y rp4pz99iwvzmojq8pbj0 4m4wv 0rtlz6z3b382ez4c39qh\nCopyRight Infratop.inc". (However, it was found 1 time using a case insensitive search.)[0m
      [36m# ./spec/system/02_after_login_spec.rb:73:in `block (4 levels) in <main>'[0m

  63) [STEP2] ユーザログイン後のテスト 自分の投稿詳細画面のテスト サイドバーの確認 「New book」と表示される
      [31mFailure/Error: expect(page).to have_content 'New book'[0m
      [31m  expected to find text "New book" in "Bookers 　\nHome Users Books Log Out\nUser info\nname b6tef1l9et introduction iq9xgo2gq7kfrwk78ovn\nNew Book\nTitle\nOpinion\nBook detail\nr545r d1t4dkehtdm43p7h9k5m Edit Destroy\nb6tef1l9et\nCopyRight Infratop.inc". (However, it was found 1 time using a case insensitive search.)[0m
      [36m# ./spec/system/02_after_login_spec.rb:146:in `block (4 levels) in <main>'[0m

  64) [STEP2] ユーザログイン後のテスト ユーザ一覧画面のテスト サイドバーの確認 「New book」と表示される
      [31mFailure/Error: expect(page).to have_content 'New book'[0m
      [31m  expected to find text "New book" in "Bookers 　\nHome Users Books Log Out\nUser info\nname xr3iz870zm introduction q6pa4lerobydehk1lgx8\nNew Book\nTitle\nOpinion\nUser\nimage name k4mfmvt3bb Show xr3iz870zm Show\nCopyRight Infratop.inc". (However, it was found 1 time using a case insensitive search.)[0m
      [36m# ./spec/system/02_after_login_spec.rb:289:in `block (4 levels) in <main>'[0m

  65) [STEP2] ユーザログイン後のテスト 自分のユーザ詳細画面のテスト サイドバーの確認 「New book」と表示される
      [31mFailure/Error: expect(page).to have_content 'New book'[0m
      [31m  expected to find text "New book" in "Bookers 　\nHome Users Books Log Out\nUser info\nname i113zjt2hu introduction h6vqbwv4t6v3od3gvuvg\nNew Book\nTitle\nOpinion\nBooks\nTitle Opinion ehj8h xwc03lhcq0ga69cbcvjn\nCopyRight Infratop.inc". (However, it was found 1 time using a case insensitive search.)[0m
      [36m# ./spec/system/02_after_login_spec.rb:343:in `block (4 levels) in <main>'[0m

  66) [STEP3] 仕上げのテスト サクセスメッセージのテスト ユーザ新規登録成功時
      [31mFailure/Error: is_expected.to have_content 'successfully'[0m
      [31m  expected to find text "successfully" in "Bookers 　\nHome About Sign Up Log in\nSign up\n1 error prohibited this user from being saved:\nIntroduction is too short (minimum is 1 character)\nName\nEmail\nPassword (6 characters minimum)\nPassword confirmation\nLog in\nCopyRight Infratop.inc"[0m
      [36m# ./spec/system/03_finishing_touches_spec.rb:19:in `block (3 levels) in <main>'[0m

  67) [STEP3] 仕上げのテスト 他人の画面のテスト 他人の投稿詳細画面のテスト 表示内容の確認 ユーザ画像・名前のリンク先が正しい
      [31mFailure/Error: expect(page).to have_link other_book.user.name, href: user_path(other_book.user)[0m
      [31m  expected to find link "cdogch99r1" with href "/users/1" but there were no matches[0m
      [36m# ./spec/system/03_finishing_touches_spec.rb:226:in `block (5 levels) in <main>'[0m

  68) [STEP3] 仕上げのテスト 他人の画面のテスト 他人の投稿編集画面 遷移できず、投稿一覧画面にリダイレクトされる
      [31mFailure/Error: expect(current_path).to eq '/books'[0m
      [31m[0m
      [31m  expected: "/books"[0m
      [31m       got: "/books/2/edit"[0m
      [31m[0m
      [31m  (compared using ==)[0m
      [36m# ./spec/system/03_finishing_touches_spec.rb:263:in `block (4 levels) in <main>'[0m

  69) [STEP3] 仕上げのテスト 他人の画面のテスト 他人のユーザ詳細画面のテスト 表示の確認 投稿一覧のユーザ画像のリンク先が正しい
      [31mFailure/Error: expect(page).to have_link '', href: user_path(other_user)[0m
      [31m  expected to find link "" with href "/users/1" but there were no matches[0m
      [36m# ./spec/system/03_finishing_touches_spec.rb:277:in `block (5 levels) in <main>'[0m

  70) [STEP3] 仕上げのテスト 他人の画面のテスト 他人のユーザ情報編集画面 遷移できず、自分のユーザ詳細画面にリダイレクトされる
      [31mFailure/Error: expect(current_path).to eq '/users/' + user.id.to_s[0m
      [31m[0m
      [31m  expected: "/users/2"[0m
      [31m       got: "/users"[0m
      [31m[0m
      [31m  (compared using ==)[0m
      [36m# ./spec/system/03_finishing_touches_spec.rb:312:in `block (4 levels) in <main>'[0m

  71) [STEP3] 仕上げのテスト グリッドシステムのテスト: container, row, col-md-〇を正しく使えている ユーザ一覧画面
      [31mFailure/Error: is_expected.to have_selector '.container .row .col-md-3'[0m
      [31m  expected to find css ".container .row .col-md-3" but there were no matches[0m
      [36m# ./spec/system/03_finishing_touches_spec.rb:329:in `block (3 levels) in <main>'[0m

  72) [STEP3] 仕上げのテスト グリッドシステムのテスト: container, row, col-md-〇を正しく使えている ユーザ詳細画面
      [31mFailure/Error: is_expected.to have_selector '.container .row .col-md-3'[0m
      [31m  expected to find css ".container .row .col-md-3" but there were no matches[0m
      [36m# ./spec/system/03_finishing_touches_spec.rb:334:in `block (3 levels) in <main>'[0m

  73) [STEP3] 仕上げのテスト グリッドシステムのテスト: container, row, col-md-〇を正しく使えている 投稿一覧画面
      [31mFailure/Error: is_expected.to have_selector '.container .row .col-md-3'[0m
      [31m  expected to find css ".container .row .col-md-3" but there were no matches[0m
      [36m# ./spec/system/03_finishing_touches_spec.rb:339:in `block (3 levels) in <main>'[0m

  74) [STEP3] 仕上げのテスト グリッドシステムのテスト: container, row, col-md-〇を正しく使えている 投稿詳細画面
      [31mFailure/Error: is_expected.to have_selector '.container .row .col-md-3'[0m
      [31m  expected to find css ".container .row .col-md-3" but there were no matches[0m
      [36m# ./spec/system/03_finishing_touches_spec.rb:344:in `block (3 levels) in <main>'[0m

  75) [STEP3] 仕上げのテスト アイコンのテスト トップ画面 本のアイコンが表示される
      [31mFailure/Error: is_expected.to have_selector '.fas.fa-book'[0m
      [31m  expected to find css ".fas.fa-book" but there were no matches[0m
      [36m# ./spec/system/03_finishing_touches_spec.rb:358:in `block (4 levels) in <main>'[0m

  76) [STEP3] 仕上げのテスト アイコンのテスト アバウト画面 本のアイコンが表示される
      [31mFailure/Error: is_expected.to have_selector '.fas.fa-book'[0m
      [31m  expected to find css ".fas.fa-book" but there were no matches[0m
      [36m# ./spec/system/03_finishing_touches_spec.rb:370:in `block (4 levels) in <main>'[0m

  77) [STEP3] 仕上げのテスト アイコンのテスト ヘッダー: ログインしていない場合 Homeリンクのアイコンが表示される
      [31mFailure/Error: is_expected.to have_selector '.fas.fa-home'[0m
      [31m  expected to find css ".fas.fa-home" but there were no matches[0m
      [36m# ./spec/system/03_finishing_touches_spec.rb:382:in `block (4 levels) in <main>'[0m

  78) [STEP3] 仕上げのテスト アイコンのテスト ヘッダー: ログインしていない場合 Aboutリンクのアイコンが表示される
      [31mFailure/Error: is_expected.to have_selector '.fas.fa-link'[0m
      [31m  expected to find css ".fas.fa-link" but there were no matches[0m
      [36m# ./spec/system/03_finishing_touches_spec.rb:385:in `block (4 levels) in <main>'[0m

  79) [STEP3] 仕上げのテスト アイコンのテスト ヘッダー: ログインしていない場合 Sign upリンクのアイコンが表示される
      [31mFailure/Error: is_expected.to have_selector '.fas.fa-user-plus'[0m
      [31m  expected to find css ".fas.fa-user-plus" but there were no matches[0m
      [36m# ./spec/system/03_finishing_touches_spec.rb:388:in `block (4 levels) in <main>'[0m

  80) [STEP3] 仕上げのテスト アイコンのテスト ヘッダー: ログインしていない場合 Log inリンクのアイコンが表示される
      [31mFailure/Error: is_expected.to have_selector '.fas.fa-sign-in-alt'[0m
      [31m  expected to find css ".fas.fa-sign-in-alt" but there were no matches[0m
      [36m# ./spec/system/03_finishing_touches_spec.rb:391:in `block (4 levels) in <main>'[0m

  81) [STEP3] 仕上げのテスト アイコンのテスト ヘッダー: ログインしている場合 Homeリンクのアイコンが表示される
      [31mFailure/Error: is_expected.to have_selector '.fas.fa-home'[0m
      [31m  expected to find css ".fas.fa-home" but there were no matches[0m
      [36m# ./spec/system/03_finishing_touches_spec.rb:406:in `block (4 levels) in <main>'[0m

  82) [STEP3] 仕上げのテスト アイコンのテスト ヘッダー: ログインしている場合 Usersリンクのアイコンが表示される
      [31mFailure/Error: is_expected.to have_selector '.fas.fa-users'[0m
      [31m  expected to find css ".fas.fa-users" but there were no matches[0m
      [36m# ./spec/system/03_finishing_touches_spec.rb:409:in `block (4 levels) in <main>'[0m

  83) [STEP3] 仕上げのテスト アイコンのテスト ヘッダー: ログインしている場合 Booksリンクのアイコンが表示される
      [31mFailure/Error: is_expected.to have_selector '.fas.fa-book-open'[0m
      [31m  expected to find css ".fas.fa-book-open" but there were no matches[0m
      [36m# ./spec/system/03_finishing_touches_spec.rb:412:in `block (4 levels) in <main>'[0m

  84) [STEP3] 仕上げのテスト アイコンのテスト ヘッダー: ログインしている場合 Log outリンクのアイコンが表示される
      [31mFailure/Error: is_expected.to have_selector '.fas.fa-sign-out-alt'[0m
      [31m  expected to find css ".fas.fa-sign-out-alt" but there were no matches[0m
      [36m# ./spec/system/03_finishing_touches_spec.rb:415:in `block (4 levels) in <main>'[0m

  85) [STEP3] 仕上げのテスト アイコンのテスト サイドバー ユーザ一覧画面でレンチアイコンが表示される
      [31mFailure/Error: is_expected.to have_selector '.fas.fa-user-cog'[0m
      [31m  expected to find css ".fas.fa-user-cog" but there were no matches[0m
      [36m# ./spec/system/03_finishing_touches_spec.rb:431:in `block (4 levels) in <main>'[0m

  86) [STEP3] 仕上げのテスト アイコンのテスト サイドバー ユーザ詳細画面でレンチアイコンが表示される
      [31mFailure/Error: is_expected.to have_selector '.fas.fa-user-cog'[0m
      [31m  expected to find css ".fas.fa-user-cog" but there were no matches[0m
      [36m# ./spec/system/03_finishing_touches_spec.rb:435:in `block (4 levels) in <main>'[0m

  87) [STEP3] 仕上げのテスト アイコンのテスト サイドバー 投稿一覧画面でレンチアイコンが表示される
      [31mFailure/Error: is_expected.to have_selector '.fas.fa-user-cog'[0m
      [31m  expected to find css ".fas.fa-user-cog" but there were no matches[0m
      [36m# ./spec/system/03_finishing_touches_spec.rb:439:in `block (4 levels) in <main>'[0m

  88) [STEP3] 仕上げのテスト アイコンのテスト サイドバー 投稿詳細画面でレンチアイコンが表示される
      [31mFailure/Error: is_expected.to have_selector '.fas.fa-user-cog'[0m
      [31m  expected to find css ".fas.fa-user-cog" but there were no matches[0m
      [36m# ./spec/system/03_finishing_touches_spec.rb:443:in `block (4 levels) in <main>'[0m

  89) 投稿のテスト トップ画面(root_path)のテスト 表示の確認 トップ画面(root_path)に一覧ページへのリンクが表示されているか
      [31mFailure/Error: expect(page).to have_link "", href: books_path[0m
      [31m  expected to find link "" with href "/books" but there were no matches[0m
      [36m# ./spec/system/books_spec.rb:11:in `block (4 levels) in <main>'[0m

  90) 投稿のテスト 一覧画面のテスト 一覧の表示とリンクの確認 bookの一覧表示(tableタグ)と投稿フォームが同一画面に表示されているか
      [31mFailure/Error: expect(page).to have_selector 'table'[0m
      [31m  expected to find css "table" but there were no matches[0m
      [36m# ./spec/system/books_spec.rb:24:in `block (4 levels) in <main>'[0m

  91) 投稿のテスト 一覧画面のテスト 一覧の表示とリンクの確認 bookのタイトルと感想を表示し、詳細・編集・削除のリンクが表示されているか
      [31mFailure/Error: expect(page).to have_content book.title[0m
      [31m  expected to find text "hoge" in "Bookers 　\nHome About Sign Up Log in\nLog in\nName\nPassword\nRemember me\nSign up Forgot your password?\nCopyRight Infratop.inc"[0m
      [36m# ./spec/system/books_spec.rb:35:in `block (5 levels) in <main>'[0m
      [36m# ./spec/system/books_spec.rb:33:in `each_with_index'[0m
      [36m# ./spec/system/books_spec.rb:33:in `block (4 levels) in <main>'[0m

  92) 投稿のテスト 一覧画面のテスト 一覧の表示とリンクの確認 Create Bookボタンが表示される
      [31mFailure/Error: expect(page).to have_button 'Create Book'[0m
      [31m  expected to find button "Create Book" that is not disabled but there were no matches[0m
      [36m# ./spec/system/books_spec.rb:52:in `block (4 levels) in <main>'[0m

  93) 投稿のテスト 一覧画面のテスト 投稿処理に関するテスト 投稿に成功しサクセスメッセージが表示されるか
      [31mFailure/Error: fill_in 'book[title]', with: Faker::Lorem.characters(number:5)[0m
      [31m[0m
      [31mCapybara::ElementNotFound:[0m
      [31m  Unable to find field "book[title]" that is not disabled[0m
      [36m# /home/ec2-user/.rvm/gems/ruby-3.1.2/gems/capybara-3.37.1/lib/capybara/node/finders.rb:310:in `block in synced_resolve'[0m
      [36m# /home/ec2-user/.rvm/gems/ruby-3.1.2/gems/capybara-3.37.1/lib/capybara/node/base.rb:83:in `synchronize'[0m
      [36m# /home/ec2-user/.rvm/gems/ruby-3.1.2/gems/capybara-3.37.1/lib/capybara/node/finders.rb:299:in `synced_resolve'[0m
      [36m# /home/ec2-user/.rvm/gems/ruby-3.1.2/gems/capybara-3.37.1/lib/capybara/node/finders.rb:60:in `find'[0m
      [36m# /home/ec2-user/.rvm/gems/ruby-3.1.2/gems/capybara-3.37.1/lib/capybara/node/actions.rb:91:in `fill_in'[0m
      [36m# /home/ec2-user/.rvm/gems/ruby-3.1.2/gems/capybara-3.37.1/lib/capybara/session.rb:771:in `fill_in'[0m
      [36m# /home/ec2-user/.rvm/gems/ruby-3.1.2/gems/capybara-3.37.1/lib/capybara/dsl.rb:52:in `call'[0m
      [36m# /home/ec2-user/.rvm/gems/ruby-3.1.2/gems/capybara-3.37.1/lib/capybara/dsl.rb:52:in `fill_in'[0m
      [36m# ./spec/system/books_spec.rb:57:in `block (4 levels) in <main>'[0m

  94) 投稿のテスト 一覧画面のテスト 投稿処理に関するテスト 投稿に失敗する
      [31mFailure/Error: click_button 'Create Book'[0m
      [31m[0m
      [31mCapybara::ElementNotFound:[0m
      [31m  Unable to find button "Create Book" that is not disabled[0m
      [36m# /home/ec2-user/.rvm/gems/ruby-3.1.2/gems/capybara-3.37.1/lib/capybara/node/finders.rb:310:in `block in synced_resolve'[0m
      [36m# /home/ec2-user/.rvm/gems/ruby-3.1.2/gems/capybara-3.37.1/lib/capybara/node/base.rb:83:in `synchronize'[0m
      [36m# /home/ec2-user/.rvm/gems/ruby-3.1.2/gems/capybara-3.37.1/lib/capybara/node/finders.rb:299:in `synced_resolve'[0m
      [36m# /home/ec2-user/.rvm/gems/ruby-3.1.2/gems/capybara-3.37.1/lib/capybara/node/finders.rb:60:in `find'[0m
      [36m# /home/ec2-user/.rvm/gems/ruby-3.1.2/gems/capybara-3.37.1/lib/capybara/node/actions.rb:58:in `click_button'[0m
      [36m# /home/ec2-user/.rvm/gems/ruby-3.1.2/gems/capybara-3.37.1/lib/capybara/session.rb:771:in `click_button'[0m
      [36m# /home/ec2-user/.rvm/gems/ruby-3.1.2/gems/capybara-3.37.1/lib/capybara/dsl.rb:52:in `call'[0m
      [36m# /home/ec2-user/.rvm/gems/ruby-3.1.2/gems/capybara-3.37.1/lib/capybara/dsl.rb:52:in `click_button'[0m
      [36m# ./spec/system/books_spec.rb:63:in `block (4 levels) in <main>'[0m

  95) 投稿のテスト 一覧画面のテスト 投稿処理に関するテスト 投稿後のリダイレクト先は正しいか
      [31mFailure/Error: fill_in 'book[title]', with: Faker::Lorem.characters(number:5)[0m
      [31m[0m
      [31mCapybara::ElementNotFound:[0m
      [31m  Unable to find field "book[title]" that is not disabled[0m
      [36m# /home/ec2-user/.rvm/gems/ruby-3.1.2/gems/capybara-3.37.1/lib/capybara/node/finders.rb:310:in `block in synced_resolve'[0m
      [36m# /home/ec2-user/.rvm/gems/ruby-3.1.2/gems/capybara-3.37.1/lib/capybara/node/base.rb:83:in `synchronize'[0m
      [36m# /home/ec2-user/.rvm/gems/ruby-3.1.2/gems/capybara-3.37.1/lib/capybara/node/finders.rb:299:in `synced_resolve'[0m
      [36m# /home/ec2-user/.rvm/gems/ruby-3.1.2/gems/capybara-3.37.1/lib/capybara/node/finders.rb:60:in `find'[0m
      [36m# /home/ec2-user/.rvm/gems/ruby-3.1.2/gems/capybara-3.37.1/lib/capybara/node/actions.rb:91:in `fill_in'[0m
      [36m# /home/ec2-user/.rvm/gems/ruby-3.1.2/gems/capybara-3.37.1/lib/capybara/session.rb:771:in `fill_in'[0m
      [36m# /home/ec2-user/.rvm/gems/ruby-3.1.2/gems/capybara-3.37.1/lib/capybara/dsl.rb:52:in `call'[0m
      [36m# /home/ec2-user/.rvm/gems/ruby-3.1.2/gems/capybara-3.37.1/lib/capybara/dsl.rb:52:in `fill_in'[0m
      [36m# ./spec/system/books_spec.rb:68:in `block (4 levels) in <main>'[0m

  96) 投稿のテスト 一覧画面のテスト book削除のテスト bookの削除
      [31mFailure/Error: click_link 'Destroy', match: :first[0m
      [31m[0m
      [31mCapybara::ElementNotFound:[0m
      [31m  Unable to find link "Destroy"[0m
      [36m# /home/ec2-user/.rvm/gems/ruby-3.1.2/gems/capybara-3.37.1/lib/capybara/node/finders.rb:310:in `block in synced_resolve'[0m
      [36m# /home/ec2-user/.rvm/gems/ruby-3.1.2/gems/capybara-3.37.1/lib/capybara/node/base.rb:83:in `synchronize'[0m
      [36m# /home/ec2-user/.rvm/gems/ruby-3.1.2/gems/capybara-3.37.1/lib/capybara/node/finders.rb:299:in `synced_resolve'[0m
      [36m# /home/ec2-user/.rvm/gems/ruby-3.1.2/gems/capybara-3.37.1/lib/capybara/node/finders.rb:60:in `find'[0m
      [36m# /home/ec2-user/.rvm/gems/ruby-3.1.2/gems/capybara-3.37.1/lib/capybara/node/actions.rb:42:in `click_link'[0m
      [36m# /home/ec2-user/.rvm/gems/ruby-3.1.2/gems/capybara-3.37.1/lib/capybara/session.rb:771:in `click_link'[0m
      [36m# /home/ec2-user/.rvm/gems/ruby-3.1.2/gems/capybara-3.37.1/lib/capybara/dsl.rb:52:in `call'[0m
      [36m# /home/ec2-user/.rvm/gems/ruby-3.1.2/gems/capybara-3.37.1/lib/capybara/dsl.rb:52:in `click_link'[0m
      [36m# ./spec/system/books_spec.rb:88:in `block (4 levels) in <main>'[0m

  97) 投稿のテスト 詳細画面のテスト 表示の確認 本のタイトルと感想が画面に表示されていること
      [31mFailure/Error: expect(page).to have_content book.title[0m
      [31m  expected to find text "hoge" in "Bookers 　\nHome About Sign Up Log in\nLog in\nName\nPassword\nRemember me\nSign up Forgot your password?\nCopyRight Infratop.inc"[0m
      [36m# ./spec/system/books_spec.rb:101:in `block (4 levels) in <main>'[0m

  98) 投稿のテスト 詳細画面のテスト 表示の確認 Editリンクが表示される
      [31mFailure/Error: expect(edit_link.native.inner_text).to match(/edit/i)[0m
      [31m[0m
      [31m  expected "\n      　  Bookers\n      　" to match /edit/i[0m
      [31m  Diff:[0m[0m
      [31m  [0m[34m@@ -1,3 +1,5 @@[0m
      [31m  [0m[31m-/edit/i[0m
      [31m  [0m[32m+[0m
      [31m  [0m[32m+      　  Bookers[0m
      [31m  [0m[32m+      　[0m
      [31m  [0m[0m
      [36m# ./spec/system/books_spec.rb:106:in `block (4 levels) in <main>'[0m

  99) 投稿のテスト 詳細画面のテスト 表示の確認 Backリンクが表示される
      [31mFailure/Error: expect(back_link.native.inner_text).to match(/back/i)[0m
      [31m[0m
      [31m  expected "\n               \n               Home\n" to match /back/i[0m
      [31m  Diff:[0m[0m
      [31m  [0m[34m@@ -1,3 +1,5 @@[0m
      [31m  [0m[31m-/back/i[0m
      [31m  [0m[32m+[0m
      [31m  [0m[32m+               [0m
      [31m  [0m[32m+               Home[0m
      [31m  [0m[0m
      [36m# ./spec/system/books_spec.rb:110:in `block (4 levels) in <main>'[0m

  100) 投稿のテスト 詳細画面のテスト リンクの遷移先の確認 Editの遷移先は編集画面か
       [31mFailure/Error: expect(current_path).to eq('/books/' + book.id.to_s + '/edit')[0m
       [31m[0m
       [31m  expected: "/books/1/edit"[0m
       [31m       got: "/"[0m
       [31m[0m
       [31m  (compared using ==)[0m
       [36m# ./spec/system/books_spec.rb:117:in `block (4 levels) in <main>'[0m

  101) 投稿のテスト 詳細画面のテスト リンクの遷移先の確認 Backの遷移先は一覧画面か
       [31mFailure/Error: expect(page).to have_current_path books_path[0m
       [31m  expected "/" to equal "/books"[0m
       [36m# ./spec/system/books_spec.rb:122:in `block (4 levels) in <main>'[0m

  102) 投稿のテスト 編集画面のテスト 表示の確認 編集前のタイトルと感想がフォームに表示(セット)されている
       [31mFailure/Error: expect(page).to have_field 'book[title]', with: book.title[0m
       [31m  expected to find field "book[title]" that is not disabled but there were no matches[0m
       [36m# ./spec/system/books_spec.rb:132:in `block (4 levels) in <main>'[0m

  103) 投稿のテスト 編集画面のテスト 表示の確認 Update Bookボタンが表示される
       [31mFailure/Error: expect(page).to have_button 'Update Book'[0m
       [31m  expected to find button "Update Book" that is not disabled but there were no matches[0m
       [36m# ./spec/system/books_spec.rb:136:in `block (4 levels) in <main>'[0m

  104) 投稿のテスト 編集画面のテスト 表示の確認 Showリンクが表示される
       [31mFailure/Error: expect(show_link.native.inner_text).to match(/show/i)[0m
       [31m[0m
       [31m  expected "\n      　  Bookers\n      　" to match /show/i[0m
       [31m  Diff:[0m[0m
       [31m  [0m[34m@@ -1,3 +1,5 @@[0m
       [31m  [0m[31m-/show/i[0m
       [31m  [0m[32m+[0m
       [31m  [0m[32m+      　  Bookers[0m
       [31m  [0m[32m+      　[0m
       [31m  [0m[0m
       [36m# ./spec/system/books_spec.rb:140:in `block (4 levels) in <main>'[0m

  105) 投稿のテスト 編集画面のテスト 表示の確認 Backリンクが表示される
       [31mFailure/Error: expect(back_link.native.inner_text).to match(/back/i)[0m
       [31m[0m
       [31m  expected "\n               \n               Home\n" to match /back/i[0m
       [31m  Diff:[0m[0m
       [31m  [0m[34m@@ -1,3 +1,5 @@[0m
       [31m  [0m[31m-/back/i[0m
       [31m  [0m[32m+[0m
       [31m  [0m[32m+               [0m
       [31m  [0m[32m+               Home[0m
       [31m  [0m[0m
       [36m# ./spec/system/books_spec.rb:144:in `block (4 levels) in <main>'[0m

  106) 投稿のテスト 編集画面のテスト リンクの遷移先の確認 Showの遷移先は詳細画面か
       [31mFailure/Error: expect(current_path).to eq('/books/' + book.id.to_s)[0m
       [31m[0m
       [31m  expected: "/books/1"[0m
       [31m       got: "/"[0m
       [31m[0m
       [31m  (compared using ==)[0m
       [36m# ./spec/system/books_spec.rb:151:in `block (4 levels) in <main>'[0m

  107) 投稿のテスト 編集画面のテスト リンクの遷移先の確認 Backの遷移先は一覧画面か
       [31mFailure/Error: expect(page).to have_current_path books_path[0m
       [31m  expected "/" to equal "/books"[0m
       [36m# ./spec/system/books_spec.rb:156:in `block (4 levels) in <main>'[0m

  108) 投稿のテスト 編集画面のテスト 更新処理に関するテスト 更新に成功しサクセスメッセージが表示されるか
       [31mFailure/Error: fill_in 'book[title]', with: Faker::Lorem.characters(number:5)[0m
       [31m[0m
       [31mCapybara::ElementNotFound:[0m
       [31m  Unable to find field "book[title]" that is not disabled[0m
       [36m# /home/ec2-user/.rvm/gems/ruby-3.1.2/gems/capybara-3.37.1/lib/capybara/node/finders.rb:310:in `block in synced_resolve'[0m
       [36m# /home/ec2-user/.rvm/gems/ruby-3.1.2/gems/capybara-3.37.1/lib/capybara/node/base.rb:83:in `synchronize'[0m
       [36m# /home/ec2-user/.rvm/gems/ruby-3.1.2/gems/capybara-3.37.1/lib/capybara/node/finders.rb:299:in `synced_resolve'[0m
       [36m# /home/ec2-user/.rvm/gems/ruby-3.1.2/gems/capybara-3.37.1/lib/capybara/node/finders.rb:60:in `find'[0m
       [36m# /home/ec2-user/.rvm/gems/ruby-3.1.2/gems/capybara-3.37.1/lib/capybara/node/actions.rb:91:in `fill_in'[0m
       [36m# /home/ec2-user/.rvm/gems/ruby-3.1.2/gems/capybara-3.37.1/lib/capybara/session.rb:771:in `fill_in'[0m
       [36m# /home/ec2-user/.rvm/gems/ruby-3.1.2/gems/capybara-3.37.1/lib/capybara/dsl.rb:52:in `call'[0m
       [36m# /home/ec2-user/.rvm/gems/ruby-3.1.2/gems/capybara-3.37.1/lib/capybara/dsl.rb:52:in `fill_in'[0m
       [36m# ./spec/system/books_spec.rb:161:in `block (4 levels) in <main>'[0m

  109) 投稿のテスト 編集画面のテスト 更新処理に関するテスト 更新に失敗しエラーメッセージが表示されるか
       [31mFailure/Error: fill_in 'book[title]', with: ""[0m
       [31m[0m
       [31mCapybara::ElementNotFound:[0m
       [31m  Unable to find field "book[title]" that is not disabled[0m
       [36m# /home/ec2-user/.rvm/gems/ruby-3.1.2/gems/capybara-3.37.1/lib/capybara/node/finders.rb:310:in `block in synced_resolve'[0m
       [36m# /home/ec2-user/.rvm/gems/ruby-3.1.2/gems/capybara-3.37.1/lib/capybara/node/base.rb:83:in `synchronize'[0m
       [36m# /home/ec2-user/.rvm/gems/ruby-3.1.2/gems/capybara-3.37.1/lib/capybara/node/finders.rb:299:in `synced_resolve'[0m
       [36m# /home/ec2-user/.rvm/gems/ruby-3.1.2/gems/capybara-3.37.1/lib/capybara/node/finders.rb:60:in `find'[0m
       [36m# /home/ec2-user/.rvm/gems/ruby-3.1.2/gems/capybara-3.37.1/lib/capybara/node/actions.rb:91:in `fill_in'[0m
       [36m# /home/ec2-user/.rvm/gems/ruby-3.1.2/gems/capybara-3.37.1/lib/capybara/session.rb:771:in `fill_in'[0m
       [36m# /home/ec2-user/.rvm/gems/ruby-3.1.2/gems/capybara-3.37.1/lib/capybara/dsl.rb:52:in `call'[0m
       [36m# /home/ec2-user/.rvm/gems/ruby-3.1.2/gems/capybara-3.37.1/lib/capybara/dsl.rb:52:in `fill_in'[0m
       [36m# ./spec/system/books_spec.rb:167:in `block (4 levels) in <main>'[0m

  110) 投稿のテスト 編集画面のテスト 更新処理に関するテスト 更新後のリダイレクト先は正しいか
       [31mFailure/Error: fill_in 'book[title]', with: Faker::Lorem.characters(number:5)[0m
       [31m[0m
       [31mCapybara::ElementNotFound:[0m
       [31m  Unable to find field "book[title]" that is not disabled[0m
       [36m# /home/ec2-user/.rvm/gems/ruby-3.1.2/gems/capybara-3.37.1/lib/capybara/node/finders.rb:310:in `block in synced_resolve'[0m
       [36m# /home/ec2-user/.rvm/gems/ruby-3.1.2/gems/capybara-3.37.1/lib/capybara/node/base.rb:83:in `synchronize'[0m
       [36m# /home/ec2-user/.rvm/gems/ruby-3.1.2/gems/capybara-3.37.1/lib/capybara/node/finders.rb:299:in `synced_resolve'[0m
       [36m# /home/ec2-user/.rvm/gems/ruby-3.1.2/gems/capybara-3.37.1/lib/capybara/node/finders.rb:60:in `find'[0m
       [36m# /home/ec2-user/.rvm/gems/ruby-3.1.2/gems/capybara-3.37.1/lib/capybara/node/actions.rb:91:in `fill_in'[0m
       [36m# /home/ec2-user/.rvm/gems/ruby-3.1.2/gems/capybara-3.37.1/lib/capybara/session.rb:771:in `fill_in'[0m
       [36m# /home/ec2-user/.rvm/gems/ruby-3.1.2/gems/capybara-3.37.1/lib/capybara/dsl.rb:52:in `call'[0m
       [36m# /home/ec2-user/.rvm/gems/ruby-3.1.2/gems/capybara-3.37.1/lib/capybara/dsl.rb:52:in `fill_in'[0m
       [36m# ./spec/system/books_spec.rb:173:in `block (4 levels) in <main>'[0m

Finished in 48.11 seconds (files took 1.48 seconds to load)
[31m446 examples, 110 failures[0m

Failed examples:

[31mrspec ./spec/spec/system/01_before_login_spec.rb:62[0m [36m# [STEP1] ユーザログイン前のテスト ヘッダーのテスト: ログインしていない場合 表示内容の確認 Sign upリンクが表示される: 左上から4番目のリンクが「Sign up」である[0m
[31mrspec ./spec/spec/system/01_before_login_spec.rb:75[0m [36m# [STEP1] ユーザログイン前のテスト ヘッダーのテスト: ログインしていない場合 リンクの内容を確認 Bookersを押すと、トップ画面に遷移する[0m
[31mrspec ./spec/spec/system/01_before_login_spec.rb:147[0m [36m# [STEP1] ユーザログイン前のテスト ユーザ新規登録のテスト 新規登録成功のテスト 正しく新規登録される[0m
[31mrspec ./spec/spec/system/01_before_login_spec.rb:150[0m [36m# [STEP1] ユーザログイン前のテスト ユーザ新規登録のテスト 新規登録成功のテスト 新規登録後のリダイレクト先が、新規登録できたユーザの詳細画面になっている[0m
[31mrspec ./spec/spec/system/01_before_login_spec.rb:237[0m [36m# [STEP1] ユーザログイン前のテスト ヘッダーのテスト: ログインしている場合 ヘッダーの表示を確認 Log outリンクが表示される: 左上から5番目のリンクが「Log out」である[0m
[31mrspec ./spec/spec/system/02_after_login_spec.rb:50[0m [36m# [STEP2] ユーザログイン後のテスト 投稿一覧画面のテスト 表示内容の確認 自分と他人の画像のリンク先が正しい[0m
[31mrspec ./spec/spec/system/02_after_login_spec.rb:72[0m [36m# [STEP2] ユーザログイン後のテスト 投稿一覧画面のテスト サイドバーの確認 「New book」と表示される[0m
[31mrspec ./spec/spec/system/02_after_login_spec.rb:145[0m [36m# [STEP2] ユーザログイン後のテスト 自分の投稿詳細画面のテスト サイドバーの確認 「New book」と表示される[0m
[31mrspec ./spec/spec/system/02_after_login_spec.rb:288[0m [36m# [STEP2] ユーザログイン後のテスト ユーザ一覧画面のテスト サイドバーの確認 「New book」と表示される[0m
[31mrspec ./spec/spec/system/02_after_login_spec.rb:342[0m [36m# [STEP2] ユーザログイン後のテスト 自分のユーザ詳細画面のテスト サイドバーの確認 「New book」と表示される[0m
[31mrspec ./spec/spec/system/03_finishing_touches_spec.rb:12[0m [36m# [STEP3] 仕上げのテスト サクセスメッセージのテスト ユーザ新規登録成功時[0m
[31mrspec ./spec/spec/system/03_finishing_touches_spec.rb:225[0m [36m# [STEP3] 仕上げのテスト 他人の画面のテスト 他人の投稿詳細画面のテスト 表示内容の確認 ユーザ画像・名前のリンク先が正しい[0m
[31mrspec ./spec/spec/system/03_finishing_touches_spec.rb:261[0m [36m# [STEP3] 仕上げのテスト 他人の画面のテスト 他人の投稿編集画面 遷移できず、投稿一覧画面にリダイレクトされる[0m
[31mrspec ./spec/spec/system/03_finishing_touches_spec.rb:276[0m [36m# [STEP3] 仕上げのテスト 他人の画面のテスト 他人のユーザ詳細画面のテスト 表示の確認 投稿一覧のユーザ画像のリンク先が正しい[0m
[31mrspec ./spec/spec/system/03_finishing_touches_spec.rb:310[0m [36m# [STEP3] 仕上げのテスト 他人の画面のテスト 他人のユーザ情報編集画面 遷移できず、自分のユーザ詳細画面にリダイレクトされる[0m
[31mrspec ./spec/spec/system/03_finishing_touches_spec.rb:327[0m [36m# [STEP3] 仕上げのテスト グリッドシステムのテスト: container, row, col-md-〇を正しく使えている ユーザ一覧画面[0m
[31mrspec ./spec/spec/system/03_finishing_touches_spec.rb:332[0m [36m# [STEP3] 仕上げのテスト グリッドシステムのテスト: container, row, col-md-〇を正しく使えている ユーザ詳細画面[0m
[31mrspec ./spec/spec/system/03_finishing_touches_spec.rb:337[0m [36m# [STEP3] 仕上げのテスト グリッドシステムのテスト: container, row, col-md-〇を正しく使えている 投稿一覧画面[0m
[31mrspec ./spec/spec/system/03_finishing_touches_spec.rb:342[0m [36m# [STEP3] 仕上げのテスト グリッドシステムのテスト: container, row, col-md-〇を正しく使えている 投稿詳細画面[0m
[31mrspec ./spec/spec/system/03_finishing_touches_spec.rb:357[0m [36m# [STEP3] 仕上げのテスト アイコンのテスト トップ画面 本のアイコンが表示される[0m
[31mrspec ./spec/spec/system/03_finishing_touches_spec.rb:369[0m [36m# [STEP3] 仕上げのテスト アイコンのテスト アバウト画面 本のアイコンが表示される[0m
[31mrspec ./spec/spec/system/03_finishing_touches_spec.rb:381[0m [36m# [STEP3] 仕上げのテスト アイコンのテスト ヘッダー: ログインしていない場合 Homeリンクのアイコンが表示される[0m
[31mrspec ./spec/spec/system/03_finishing_touches_spec.rb:384[0m [36m# [STEP3] 仕上げのテスト アイコンのテスト ヘッダー: ログインしていない場合 Aboutリンクのアイコンが表示される[0m
[31mrspec ./spec/spec/system/03_finishing_touches_spec.rb:387[0m [36m# [STEP3] 仕上げのテスト アイコンのテスト ヘッダー: ログインしていない場合 Sign upリンクのアイコンが表示される[0m
[31mrspec ./spec/spec/system/03_finishing_touches_spec.rb:390[0m [36m# [STEP3] 仕上げのテスト アイコンのテスト ヘッダー: ログインしていない場合 Log inリンクのアイコンが表示される[0m
[31mrspec ./spec/spec/system/03_finishing_touches_spec.rb:405[0m [36m# [STEP3] 仕上げのテスト アイコンのテスト ヘッダー: ログインしている場合 Homeリンクのアイコンが表示される[0m
[31mrspec ./spec/spec/system/03_finishing_touches_spec.rb:408[0m [36m# [STEP3] 仕上げのテスト アイコンのテスト ヘッダー: ログインしている場合 Usersリンクのアイコンが表示される[0m
[31mrspec ./spec/spec/system/03_finishing_touches_spec.rb:411[0m [36m# [STEP3] 仕上げのテスト アイコンのテスト ヘッダー: ログインしている場合 Booksリンクのアイコンが表示される[0m
[31mrspec ./spec/spec/system/03_finishing_touches_spec.rb:414[0m [36m# [STEP3] 仕上げのテスト アイコンのテスト ヘッダー: ログインしている場合 Log outリンクのアイコンが表示される[0m
[31mrspec ./spec/spec/system/03_finishing_touches_spec.rb:429[0m [36m# [STEP3] 仕上げのテスト アイコンのテスト サイドバー ユーザ一覧画面でレンチアイコンが表示される[0m
[31mrspec ./spec/spec/system/03_finishing_touches_spec.rb:433[0m [36m# [STEP3] 仕上げのテスト アイコンのテスト サイドバー ユーザ詳細画面でレンチアイコンが表示される[0m
[31mrspec ./spec/spec/system/03_finishing_touches_spec.rb:437[0m [36m# [STEP3] 仕上げのテスト アイコンのテスト サイドバー 投稿一覧画面でレンチアイコンが表示される[0m
[31mrspec ./spec/spec/system/03_finishing_touches_spec.rb:441[0m [36m# [STEP3] 仕上げのテスト アイコンのテスト サイドバー 投稿詳細画面でレンチアイコンが表示される[0m
[31mrspec ./spec/spec/system/books_spec.rb:10[0m [36m# 投稿のテスト トップ画面(root_path)のテスト 表示の確認 トップ画面(root_path)に一覧ページへのリンクが表示されているか[0m
[31mrspec ./spec/spec/system/books_spec.rb:23[0m [36m# 投稿のテスト 一覧画面のテスト 一覧の表示とリンクの確認 bookの一覧表示(tableタグ)と投稿フォームが同一画面に表示されているか[0m
[31mrspec ./spec/spec/system/books_spec.rb:28[0m [36m# 投稿のテスト 一覧画面のテスト 一覧の表示とリンクの確認 bookのタイトルと感想を表示し、詳細・編集・削除のリンクが表示されているか[0m
[31mrspec ./spec/spec/system/books_spec.rb:51[0m [36m# 投稿のテスト 一覧画面のテスト 一覧の表示とリンクの確認 Create Bookボタンが表示される[0m
[31mrspec ./spec/spec/system/books_spec.rb:56[0m [36m# 投稿のテスト 一覧画面のテスト 投稿処理に関するテスト 投稿に成功しサクセスメッセージが表示されるか[0m
[31mrspec ./spec/spec/system/books_spec.rb:62[0m [36m# 投稿のテスト 一覧画面のテスト 投稿処理に関するテスト 投稿に失敗する[0m
[31mrspec ./spec/spec/system/books_spec.rb:67[0m [36m# 投稿のテスト 一覧画面のテスト 投稿処理に関するテスト 投稿後のリダイレクト先は正しいか[0m
[31mrspec ./spec/spec/system/books_spec.rb:86[0m [36m# 投稿のテスト 一覧画面のテスト book削除のテスト bookの削除[0m
[31mrspec ./spec/spec/system/books_spec.rb:100[0m [36m# 投稿のテスト 詳細画面のテスト 表示の確認 本のタイトルと感想が画面に表示されていること[0m
[31mrspec ./spec/spec/system/books_spec.rb:104[0m [36m# 投稿のテスト 詳細画面のテスト 表示の確認 Editリンクが表示される[0m
[31mrspec ./spec/spec/system/books_spec.rb:108[0m [36m# 投稿のテスト 詳細画面のテスト 表示の確認 Backリンクが表示される[0m
[31mrspec ./spec/spec/system/books_spec.rb:114[0m [36m# 投稿のテスト 詳細画面のテスト リンクの遷移先の確認 Editの遷移先は編集画面か[0m
[31mrspec ./spec/spec/system/books_spec.rb:119[0m [36m# 投稿のテスト 詳細画面のテスト リンクの遷移先の確認 Backの遷移先は一覧画面か[0m
[31mrspec ./spec/spec/system/books_spec.rb:131[0m [36m# 投稿のテスト 編集画面のテスト 表示の確認 編集前のタイトルと感想がフォームに表示(セット)されている[0m
[31mrspec ./spec/spec/system/books_spec.rb:135[0m [36m# 投稿のテスト 編集画面のテスト 表示の確認 Update Bookボタンが表示される[0m
[31mrspec ./spec/spec/system/books_spec.rb:138[0m [36m# 投稿のテスト 編集画面のテスト 表示の確認 Showリンクが表示される[0m
[31mrspec ./spec/spec/system/books_spec.rb:142[0m [36m# 投稿のテスト 編集画面のテスト 表示の確認 Backリンクが表示される[0m
[31mrspec ./spec/spec/system/books_spec.rb:148[0m [36m# 投稿のテスト 編集画面のテスト リンクの遷移先の確認 Showの遷移先は詳細画面か[0m
[31mrspec ./spec/spec/system/books_spec.rb:153[0m [36m# 投稿のテスト 編集画面のテスト リンクの遷移先の確認 Backの遷移先は一覧画面か[0m
[31mrspec ./spec/spec/system/books_spec.rb:160[0m [36m# 投稿のテスト 編集画面のテスト 更新処理に関するテスト 更新に成功しサクセスメッセージが表示されるか[0m
[31mrspec ./spec/spec/system/books_spec.rb:166[0m [36m# 投稿のテスト 編集画面のテスト 更新処理に関するテスト 更新に失敗しエラーメッセージが表示されるか[0m
[31mrspec ./spec/spec/system/books_spec.rb:172[0m [36m# 投稿のテスト 編集画面のテスト 更新処理に関するテスト 更新後のリダイレクト先は正しいか[0m
[31mrspec ./spec/system/01_before_login_spec.rb:62[0m [36m# [STEP1] ユーザログイン前のテスト ヘッダーのテスト: ログインしていない場合 表示内容の確認 Sign upリンクが表示される: 左上から4番目のリンクが「Sign up」である[0m
[31mrspec ./spec/system/01_before_login_spec.rb:75[0m [36m# [STEP1] ユーザログイン前のテスト ヘッダーのテスト: ログインしていない場合 リンクの内容を確認 Bookersを押すと、トップ画面に遷移する[0m
[31mrspec ./spec/system/01_before_login_spec.rb:147[0m [36m# [STEP1] ユーザログイン前のテスト ユーザ新規登録のテスト 新規登録成功のテスト 正しく新規登録される[0m
[31mrspec ./spec/system/01_before_login_spec.rb:150[0m [36m# [STEP1] ユーザログイン前のテスト ユーザ新規登録のテスト 新規登録成功のテスト 新規登録後のリダイレクト先が、新規登録できたユーザの詳細画面になっている[0m
[31mrspec ./spec/system/01_before_login_spec.rb:237[0m [36m# [STEP1] ユーザログイン前のテスト ヘッダーのテスト: ログインしている場合 ヘッダーの表示を確認 Log outリンクが表示される: 左上から5番目のリンクが「Log out」である[0m
[31mrspec ./spec/system/02_after_login_spec.rb:50[0m [36m# [STEP2] ユーザログイン後のテスト 投稿一覧画面のテスト 表示内容の確認 自分と他人の画像のリンク先が正しい[0m
[31mrspec ./spec/system/02_after_login_spec.rb:72[0m [36m# [STEP2] ユーザログイン後のテスト 投稿一覧画面のテスト サイドバーの確認 「New book」と表示される[0m
[31mrspec ./spec/system/02_after_login_spec.rb:145[0m [36m# [STEP2] ユーザログイン後のテスト 自分の投稿詳細画面のテスト サイドバーの確認 「New book」と表示される[0m
[31mrspec ./spec/system/02_after_login_spec.rb:288[0m [36m# [STEP2] ユーザログイン後のテスト ユーザ一覧画面のテスト サイドバーの確認 「New book」と表示される[0m
[31mrspec ./spec/system/02_after_login_spec.rb:342[0m [36m# [STEP2] ユーザログイン後のテスト 自分のユーザ詳細画面のテスト サイドバーの確認 「New book」と表示される[0m
[31mrspec ./spec/system/03_finishing_touches_spec.rb:12[0m [36m# [STEP3] 仕上げのテスト サクセスメッセージのテスト ユーザ新規登録成功時[0m
[31mrspec ./spec/system/03_finishing_touches_spec.rb:225[0m [36m# [STEP3] 仕上げのテスト 他人の画面のテスト 他人の投稿詳細画面のテスト 表示内容の確認 ユーザ画像・名前のリンク先が正しい[0m
[31mrspec ./spec/system/03_finishing_touches_spec.rb:261[0m [36m# [STEP3] 仕上げのテスト 他人の画面のテスト 他人の投稿編集画面 遷移できず、投稿一覧画面にリダイレクトされる[0m
[31mrspec ./spec/system/03_finishing_touches_spec.rb:276[0m [36m# [STEP3] 仕上げのテスト 他人の画面のテスト 他人のユーザ詳細画面のテスト 表示の確認 投稿一覧のユーザ画像のリンク先が正しい[0m
[31mrspec ./spec/system/03_finishing_touches_spec.rb:310[0m [36m# [STEP3] 仕上げのテスト 他人の画面のテスト 他人のユーザ情報編集画面 遷移できず、自分のユーザ詳細画面にリダイレクトされる[0m
[31mrspec ./spec/system/03_finishing_touches_spec.rb:327[0m [36m# [STEP3] 仕上げのテスト グリッドシステムのテスト: container, row, col-md-〇を正しく使えている ユーザ一覧画面[0m
[31mrspec ./spec/system/03_finishing_touches_spec.rb:332[0m [36m# [STEP3] 仕上げのテスト グリッドシステムのテスト: container, row, col-md-〇を正しく使えている ユーザ詳細画面[0m
[31mrspec ./spec/system/03_finishing_touches_spec.rb:337[0m [36m# [STEP3] 仕上げのテスト グリッドシステムのテスト: container, row, col-md-〇を正しく使えている 投稿一覧画面[0m
[31mrspec ./spec/system/03_finishing_touches_spec.rb:342[0m [36m# [STEP3] 仕上げのテスト グリッドシステムのテスト: container, row, col-md-〇を正しく使えている 投稿詳細画面[0m
[31mrspec ./spec/system/03_finishing_touches_spec.rb:357[0m [36m# [STEP3] 仕上げのテスト アイコンのテスト トップ画面 本のアイコンが表示される[0m
[31mrspec ./spec/system/03_finishing_touches_spec.rb:369[0m [36m# [STEP3] 仕上げのテスト アイコンのテスト アバウト画面 本のアイコンが表示される[0m
[31mrspec ./spec/system/03_finishing_touches_spec.rb:381[0m [36m# [STEP3] 仕上げのテスト アイコンのテスト ヘッダー: ログインしていない場合 Homeリンクのアイコンが表示される[0m
[31mrspec ./spec/system/03_finishing_touches_spec.rb:384[0m [36m# [STEP3] 仕上げのテスト アイコンのテスト ヘッダー: ログインしていない場合 Aboutリンクのアイコンが表示される[0m
[31mrspec ./spec/system/03_finishing_touches_spec.rb:387[0m [36m# [STEP3] 仕上げのテスト アイコンのテスト ヘッダー: ログインしていない場合 Sign upリンクのアイコンが表示される[0m
[31mrspec ./spec/system/03_finishing_touches_spec.rb:390[0m [36m# [STEP3] 仕上げのテスト アイコンのテスト ヘッダー: ログインしていない場合 Log inリンクのアイコンが表示される[0m
[31mrspec ./spec/system/03_finishing_touches_spec.rb:405[0m [36m# [STEP3] 仕上げのテスト アイコンのテスト ヘッダー: ログインしている場合 Homeリンクのアイコンが表示される[0m
[31mrspec ./spec/system/03_finishing_touches_spec.rb:408[0m [36m# [STEP3] 仕上げのテスト アイコンのテスト ヘッダー: ログインしている場合 Usersリンクのアイコンが表示される[0m
[31mrspec ./spec/system/03_finishing_touches_spec.rb:411[0m [36m# [STEP3] 仕上げのテスト アイコンのテスト ヘッダー: ログインしている場合 Booksリンクのアイコンが表示される[0m
[31mrspec ./spec/system/03_finishing_touches_spec.rb:414[0m [36m# [STEP3] 仕上げのテスト アイコンのテスト ヘッダー: ログインしている場合 Log outリンクのアイコンが表示される[0m
[31mrspec ./spec/system/03_finishing_touches_spec.rb:429[0m [36m# [STEP3] 仕上げのテスト アイコンのテスト サイドバー ユーザ一覧画面でレンチアイコンが表示される[0m
[31mrspec ./spec/system/03_finishing_touches_spec.rb:433[0m [36m# [STEP3] 仕上げのテスト アイコンのテスト サイドバー ユーザ詳細画面でレンチアイコンが表示される[0m
[31mrspec ./spec/system/03_finishing_touches_spec.rb:437[0m [36m# [STEP3] 仕上げのテスト アイコンのテスト サイドバー 投稿一覧画面でレンチアイコンが表示される[0m
[31mrspec ./spec/system/03_finishing_touches_spec.rb:441[0m [36m# [STEP3] 仕上げのテスト アイコンのテスト サイドバー 投稿詳細画面でレンチアイコンが表示される[0m
[31mrspec ./spec/system/books_spec.rb:10[0m [36m# 投稿のテスト トップ画面(root_path)のテスト 表示の確認 トップ画面(root_path)に一覧ページへのリンクが表示されているか[0m
[31mrspec ./spec/system/books_spec.rb:23[0m [36m# 投稿のテスト 一覧画面のテスト 一覧の表示とリンクの確認 bookの一覧表示(tableタグ)と投稿フォームが同一画面に表示されているか[0m
[31mrspec ./spec/system/books_spec.rb:28[0m [36m# 投稿のテスト 一覧画面のテスト 一覧の表示とリンクの確認 bookのタイトルと感想を表示し、詳細・編集・削除のリンクが表示されているか[0m
[31mrspec ./spec/system/books_spec.rb:51[0m [36m# 投稿のテスト 一覧画面のテスト 一覧の表示とリンクの確認 Create Bookボタンが表示される[0m
[31mrspec ./spec/system/books_spec.rb:56[0m [36m# 投稿のテスト 一覧画面のテスト 投稿処理に関するテスト 投稿に成功しサクセスメッセージが表示されるか[0m
[31mrspec ./spec/system/books_spec.rb:62[0m [36m# 投稿のテスト 一覧画面のテスト 投稿処理に関するテスト 投稿に失敗する[0m
[31mrspec ./spec/system/books_spec.rb:67[0m [36m# 投稿のテスト 一覧画面のテスト 投稿処理に関するテスト 投稿後のリダイレクト先は正しいか[0m
[31mrspec ./spec/system/books_spec.rb:86[0m [36m# 投稿のテスト 一覧画面のテスト book削除のテスト bookの削除[0m
[31mrspec ./spec/system/books_spec.rb:100[0m [36m# 投稿のテスト 詳細画面のテスト 表示の確認 本のタイトルと感想が画面に表示されていること[0m
[31mrspec ./spec/system/books_spec.rb:104[0m [36m# 投稿のテスト 詳細画面のテスト 表示の確認 Editリンクが表示される[0m
[31mrspec ./spec/system/books_spec.rb:108[0m [36m# 投稿のテスト 詳細画面のテスト 表示の確認 Backリンクが表示される[0m
[31mrspec ./spec/system/books_spec.rb:114[0m [36m# 投稿のテスト 詳細画面のテスト リンクの遷移先の確認 Editの遷移先は編集画面か[0m
[31mrspec ./spec/system/books_spec.rb:119[0m [36m# 投稿のテスト 詳細画面のテスト リンクの遷移先の確認 Backの遷移先は一覧画面か[0m
[31mrspec ./spec/system/books_spec.rb:131[0m [36m# 投稿のテスト 編集画面のテスト 表示の確認 編集前のタイトルと感想がフォームに表示(セット)されている[0m
[31mrspec ./spec/system/books_spec.rb:135[0m [36m# 投稿のテスト 編集画面のテスト 表示の確認 Update Bookボタンが表示される[0m
[31mrspec ./spec/system/books_spec.rb:138[0m [36m# 投稿のテスト 編集画面のテスト 表示の確認 Showリンクが表示される[0m
[31mrspec ./spec/system/books_spec.rb:142[0m [36m# 投稿のテスト 編集画面のテスト 表示の確認 Backリンクが表示される[0m
[31mrspec ./spec/system/books_spec.rb:148[0m [36m# 投稿のテスト 編集画面のテスト リンクの遷移先の確認 Showの遷移先は詳細画面か[0m
[31mrspec ./spec/system/books_spec.rb:153[0m [36m# 投稿のテスト 編集画面のテスト リンクの遷移先の確認 Backの遷移先は一覧画面か[0m
[31mrspec ./spec/system/books_spec.rb:160[0m [36m# 投稿のテスト 編集画面のテスト 更新処理に関するテスト 更新に成功しサクセスメッセージが表示されるか[0m
[31mrspec ./spec/system/books_spec.rb:166[0m [36m# 投稿のテスト 編集画面のテスト 更新処理に関するテスト 更新に失敗しエラーメッセージが表示されるか[0m
[31mrspec ./spec/system/books_spec.rb:172[0m [36m# 投稿のテスト 編集画面のテスト 更新処理に関するテスト 更新後のリダイレクト先は正しいか[0m

